#
# A fatal error has been detected by the Java Runtime Environment:
#
#  EXCEPTION_ACCESS_VIOLATION (0xc0000005) at pc=0x00007ffec7c1cbb1, pid=14164, tid=14540
#
# JRE version: OpenJDK Runtime Environment Microsoft-8035246 (17.0.8+7) (build 17.0.8+7-LTS)
# Java VM: OpenJDK 64-Bit Server VM Microsoft-8035246 (17.0.8+7-LTS, mixed mode, sharing, tiered, compressed oops, compressed class ptrs, g1 gc, windows-amd64)
# Problematic frame:
# V  [jvm.dll+0xcbb1]
#
# No core dump will be written. Minidumps are not enabled by default on client versions of Windows
#
# If you would like to submit a bug report, please visit:
#   https://github.com/microsoft/openjdk/issues
#

---------------  S U M M A R Y ------------

Command Line: -XX:MaxMetaspaceSize=512m --add-opens=java.base/java.util=ALL-UNNAMED --add-opens=java.base/java.lang=ALL-UNNAMED --add-opens=java.base/java.lang.invoke=ALL-UNNAMED --add-opens=java.base/java.util=ALL-UNNAMED --add-opens=java.prefs/java.util.prefs=ALL-UNNAMED --add-opens=java.prefs/java.util.prefs=ALL-UNNAMED --add-opens=java.base/java.nio.charset=ALL-UNNAMED --add-opens=java.base/java.net=ALL-UNNAMED --add-opens=java.base/java.util.concurrent.atomic=ALL-UNNAMED -Xmx2048m -Dfile.encoding=windows-1252 -Duser.country=ID -Duser.language=en -Duser.variant org.gradle.launcher.daemon.bootstrap.GradleDaemon 7.5.1

Host: Intel(R) Core(TM) i5-8350U CPU @ 1.70GHz, 8 cores, 15G,  Windows 10 , 64 bit Build 19041 (10.0.19041.3636)
Time: Tue Mar 26 08:11:44 2024 SE Asia Standard Time elapsed time: 30.097896 seconds (0d 0h 0m 30s)

---------------  T H R E A D  ---------------

Current thread (0x0000029de1b11ea0):  ConcurrentGCThread "G1 Conc#1" [stack: 0x000000dd59b00000,0x000000dd59c00000] [id=14540]

Stack: [0x000000dd59b00000,0x000000dd59c00000],  sp=0x000000dd59bff698,  free space=1021k
Native frames: (J=compiled Java code, j=interpreted, Vv=VM code, C=native code)
V  [jvm.dll+0xcbb1]


siginfo: EXCEPTION_ACCESS_VIOLATION (0xc0000005), reading address 0x0000000000000100


Register to memory mapping:

RIP=0x00007ffec7c1cbb1 jvm.dll
RAX=0x0 is NULL
RBX=0x0000029da1457f01 points into unknown readable memory: 00 00 10 00 00 00 00
RCX=0x0000029dc0000000 is pointing into metadata
RDX=0x000000008203ef00 points into unknown readable memory: 0x00000000000ebb60 | 60 bb 0e 00 00 00 00 00
RSP=0x000000dd59bff698 points into unknown readable memory: 0x00007ffec7eea558 | 58 a5 ee c7 fe 7f 00 00
RBP=0x0 is NULL
RSI=0x0000029da1457ee0 points into unknown readable memory: 0x0000029da1468820 | 20 88 46 a1 9d 02 00 00
RDI=0x000000008203ef00 points into unknown readable memory: 0x00000000000ebb60 | 60 bb 0e 00 00 00 00 00
R8 =0x0 is NULL
R9 =0x0000029dc0000000 is pointing into metadata
R10=0x0000000000000088 is an unknown value
R11=0x0000000000000003 is an unknown value
R12=0x0 is NULL
R13=0xaaaaaaaaaaaaaaab is an unknown value
R14={method} {0x0000029dc0065420} 'equals' '(Ljava/lang/Object;)Z' in 'java/lang/reflect/Method'
R15=0x000000008207eea8 is an oop: java.lang.reflect.Method 
{0x000000008207eea8} - klass: 'java/lang/reflect/Method'
 - ---- fields (total size 11 words):
 - 'override' 'Z' @12  false
 - volatile 'accessCheckCache' 'Ljava/lang/Object;' @16  NULL (0)
 - private volatile transient 'hasRealParameterData' 'Z' @13  false
 - private volatile transient 'parameters' '[Ljava/lang/reflect/Parameter;' @20  NULL (0)
 - private volatile transient 'declaredAnnotations' 'Ljava/util/Map;' @24  a 'java/util/Collections$EmptyMap'{0x00000000808ac928} (808ac928)
 - private 'slot' 'I' @28  23 (17)
 - private synchronized 'modifiers' 'I' @32  1025 (401)
 - private synchronized 'clazz' 'Ljava/lang/Class;' @36  a 'java/lang/Class'{0x000000008207ebf0} = 'org/gradle/api/Script' (8207ebf0)
 - private 'name' 'Ljava/lang/String;' @40  "getLogging"{0x0000000082071b60} (82071b60)
 - private 'returnType' 'Ljava/lang/Class;' @44  a 'java/lang/Class'{0x0000000080259448} = 'org/gradle/api/logging/LoggingManager' (80259448)
 - private 'parameterTypes' '[Ljava/lang/Class;' @48  
[error occurred during error reporting (printing register info), id 0xc0000005, EXCEPTION_ACCESS_VIOLATION (0xc0000005) at pc=0x00007ffec8278479]

Registers:
RAX=0x0000000000000000, RBX=0x0000029da1457f01, RCX=0x0000029dc0000000, RDX=0x000000008203ef00
RSP=0x000000dd59bff698, RBP=0x0000000000000000, RSI=0x0000029da1457ee0, RDI=0x000000008203ef00
R8 =0x0000000000000000, R9 =0x0000029dc0000000, R10=0x0000000000000088, R11=0x0000000000000003
R12=0x0000000000000000, R13=0xaaaaaaaaaaaaaaab, R14=0x0000029dc0065418, R15=0x000000008207eea8
RIP=0x00007ffec7c1cbb1, EFLAGS=0x0000000000010246

Top of Stack: (sp=0x000000dd59bff698)
0x000000dd59bff698:   00007ffec7eea558 0000029dbf890030
0x000000dd59bff6a8:   00007ffec7eea4c4 0000e0f7662d8fc0
0x000000dd59bff6b8:   000000dd59bff870 000000008203ef00
0x000000dd59bff6c8:   00007ffec7eea1df 0000029da146bc30
0x000000dd59bff6d8:   000000dd59bff870 0000029dc0065410
0x000000dd59bff6e8:   000000dd59bff870 000000008207eefc
0x000000dd59bff6f8:   00007ffec7ee840d 000000008207eed8
0x000000dd59bff708:   00007ffec7ee8a2d 000000008207eea0
0x000000dd59bff718:   0000029dc0055b30 000000dd59bff830
0x000000dd59bff728:   0000000000000001 000000008207eea8
0x000000dd59bff738:   00007ffec7ee8051 0000029dc0064fc8
0x000000dd59bff748:   000000000000000b 000000dd59bff870
0x000000dd59bff758:   000000008207ec60 0000029da146bc30
0x000000dd59bff768:   00007ffec7efdbae 000000008207eea8
0x000000dd59bff778:   0000029da1457f30 000000dd59bff830
0x000000dd59bff788:   0000029da1457f30 000000008207eea8 

Instructions: (pc=0x00007ffec7c1cbb1)
0x00007ffec7c1cab1:   41 f6 c2 01 75 53 41 c1 fa 03 41 8b c2 c3 79 49
0x00007ffec7c1cac1:   84 c0 b9 10 00 00 00 8b 05 66 f7 b0 00 41 b8 0c
0x00007ffec7c1cad1:   00 00 00 41 0f 45 c8 ff c8 4c 63 c8 48 63 14 11
0x00007ffec7c1cae1:   41 8b ca 83 e1 3f 48 d3 e2 41 8b ca 48 c1 f9 10
0x00007ffec7c1caf1:   0f b6 c1 49 8d 0c 11 49 f7 d1 48 03 c1 49 c1 e9
0x00007ffec7c1cb01:   03 48 c1 e8 03 41 23 c1 c3 49 8b 00 49 8b c8 48
0x00007ffec7c1cb11:   ff a0 00 01 00 00 cc cc cc cc cc cc cc cc cc 8b
0x00007ffec7c1cb21:   44 24 30 45 03 c9 44 2b 4c 24 28 83 c0 0b 44 03
0x00007ffec7c1cb31:   ca 45 03 c8 41 03 c1 c3 cc cc cc cc cc cc cc 4c
0x00007ffec7c1cb41:   8b ca 48 8b d1 45 8b 41 08 45 85 c0 7e 0e 41 f6
0x00007ffec7c1cb51:   c0 01 75 56 41 c1 f8 03 41 8b c0 c3 79 4c 80 3d
0x00007ffec7c1cb61:   3e ab b7 00 00 b8 0c 00 00 00 b9 10 00 00 00 0f
0x00007ffec7c1cb71:   45 c8 8b 05 bb f6 b0 00 ff c8 4c 63 c8 48 63 14
0x00007ffec7c1cb81:   11 41 8b c8 83 e1 3f 48 d3 e2 41 8b c8 48 c1 f9
0x00007ffec7c1cb91:   10 0f b6 c1 49 8d 0c 11 49 f7 d1 48 03 c1 49 c1
0x00007ffec7c1cba1:   e9 03 48 c1 e8 03 41 23 c1 c3 49 8b 01 49 8b c9
0x00007ffec7c1cbb1:   48 ff a0 00 01 00 00 cc cc cc cc cc cc cc cc 48
0x00007ffec7c1cbc1:   8b 41 08 0f b7 48 2a 0f b7 40 28 83 c0 48 03 c1
0x00007ffec7c1cbd1:   c3 cc cc cc cc cc cc cc cc cc cc cc cc cc cc 48
0x00007ffec7c1cbe1:   89 5c 24 08 57 48 83 ec 20 0f b6 05 bf 8c bb 00
0x00007ffec7c1cbf1:   48 8b fa 48 8b d9 84 c0 74 4f 48 85 15 a6 84 bb
0x00007ffec7c1cc01:   00 74 38 48 8b ca e8 24 e7 85 00 48 8b d0 48 85
0x00007ffec7c1cc11:   db 74 25 48 85 c0 74 20 48 8b c7 f0 48 0f b1 13
0x00007ffec7c1cc21:   74 16 48 85 05 7e 84 bb 00 74 0d 48 8b c8 f0 48
0x00007ffec7c1cc31:   0f b1 13 48 3b c1 75 ea 48 8b fa 48 8b c7 48 8b
0x00007ffec7c1cc41:   5c 24 30 48 83 c4 20 5f c3 48 85 3d 5f 84 bb 00
0x00007ffec7c1cc51:   75 33 48 85 ff 75 0f 33 d2 8b c2 48 8b 5c 24 30
0x00007ffec7c1cc61:   48 83 c4 20 5f c3 48 8b 15 52 84 bb 00 48 23 d7
0x00007ffec7c1cc71:   48 0b 15 28 84 bb 00 48 8b c2 48 8b 5c 24 30 48
0x00007ffec7c1cc81:   83 c4 20 5f c3 48 8b cf e8 b2 e5 85 00 48 8b d0
0x00007ffec7c1cc91:   48 85 db 74 40 48 85 c0 74 3b 4c 8b 05 1e 84 bb
0x00007ffec7c1cca1:   00 4c 23 c0 4c 0b 05 4c 84 bb 00 74 28 48 8b c7 


Stack slot to memory mapping:
stack at sp + 0 slots: 0x00007ffec7eea558 jvm.dll
stack at sp + 1 slots: 0x0000029dbf890030 points into unknown readable memory: 0x00007ffec85c7a60 | 60 7a 5c c8 fe 7f 00 00
stack at sp + 2 slots: 0x00007ffec7eea4c4 jvm.dll
stack at sp + 3 slots: 0x0000e0f7662d8fc0 is an unknown value
stack at sp + 4 slots: 0x000000dd59bff870 points into unknown readable memory: 0x00007ffec8569b48 | 48 9b 56 c8 fe 7f 00 00
stack at sp + 5 slots: 0x000000008203ef00 points into unknown readable memory: 0x00000000000ebb60 | 60 bb 0e 00 00 00 00 00
stack at sp + 6 slots: 0x00007ffec7eea1df jvm.dll
stack at sp + 7 slots: 0x0000029da146bc30 points into unknown readable memory: 0x00007ffec8569b28 | 28 9b 56 c8 fe 7f 00 00


---------------  P R O C E S S  ---------------

Threads class SMR info:
_java_thread_list=0x0000029de0c97a30, length=137, elements={
0x0000029da13f8af0, 0x0000029dbf8a3d10, 0x0000029dbf8a4aa0, 0x0000029dbf8be900,
0x0000029dbf9c1480, 0x0000029dbf9c2d60, 0x0000029dbf9c5a50, 0x0000029dbf9c7390,
0x0000029dbf9c84b0, 0x0000029dbf9fa220, 0x0000029dbfb33a70, 0x0000029dbfb33050,
0x0000029dbfb33560, 0x0000029dbfb33f80, 0x0000029dbfb311f0, 0x0000029dbfb34490,
0x0000029dbfb30ce0, 0x0000029dbfb32120, 0x0000029dbfb31700, 0x0000029dbfb31c10,
0x0000029dbfb32630, 0x0000029dbfb32b40, 0x0000029de0cbc920, 0x0000029de0cbce30,
0x0000029de0cbd850, 0x0000029de0cb9170, 0x0000029de0cbbf00, 0x0000029de0cbdd60,
0x0000029de0cb7d30, 0x0000029de0cb7820, 0x0000029de0cbd340, 0x0000029de0cbafd0,
0x0000029de0cb8c60, 0x0000029de0cb7310, 0x0000029de0cb9680, 0x0000029de0cba0a0,
0x0000029de0cba5b0, 0x0000029de0cbaac0, 0x0000029de0cbb4e0, 0x0000029de0cbb9f0,
0x0000029de0cbc410, 0x0000029de1ae7740, 0x0000029de1ae9fc0, 0x0000029de1ae49b0,
0x0000029de1ae8b80, 0x0000029de1ae9ab0, 0x0000029de1aea9e0, 0x0000029de1aea4d0,
0x0000029de1aeaef0, 0x0000029de1aeb400, 0x0000029de1aeb910, 0x0000029de1ae9090,
0x0000029de1ae44a0, 0x0000029de1aebe20, 0x0000029de1ae4ec0, 0x0000029de1ae53d0,
0x0000029de1ae58e0, 0x0000029de1ae5df0, 0x0000029de1ae6300, 0x0000029de1ae6810,
0x0000029de1ae6d20, 0x0000029de1ae7230, 0x0000029de1ae7c50, 0x0000029de1ae8160,
0x0000029de1ae8670, 0x0000029de3a05910, 0x0000029de3a035a0, 0x0000029de3a06330,
0x0000029de3a06840, 0x0000029de3a06d50, 0x0000029de3a04ef0, 0x0000029de3a03090,
0x0000029de3a049e0, 0x0000029de3a01c50, 0x0000029de3a00d20, 0x0000029de3a07260,
0x0000029de3a05e20, 0x0000029de3a07770, 0x0000029de3a02160, 0x0000029de3a08190,
0x0000029de3a086a0, 0x0000029de3a03fc0, 0x0000029de3a01230, 0x0000029de3a044d0,
0x0000029de3a01740, 0x0000029de3a02670, 0x0000029de3a03ab0, 0x0000029de0d92600,
0x0000029de0d91be0, 0x0000029de0d920f0, 0x0000029de0d8fd80, 0x0000029de0d93f50,
0x0000029de0d967d0, 0x0000029de0d93a40, 0x0000029de0d90cb0, 0x0000029de0d911c0,
0x0000029de0d916d0, 0x0000029de0d92b10, 0x0000029de0d93020, 0x0000029de0d96ce0,
0x0000029de0d90290, 0x0000029de0d971f0, 0x0000029de0d97700, 0x0000029de0d907a0,
0x0000029de0d958a0, 0x0000029de0d93530, 0x0000029de0d94460, 0x0000029de0d94970,
0x0000029de0d94e80, 0x0000029de0d95390, 0x0000029de0adfc70, 0x0000029de0adc9d0,
0x0000029de0ae2a00, 0x0000029de0ae0180, 0x0000029de0ae1ad0, 0x0000029de0ae0690,
0x0000029de0ade830, 0x0000029de0adbaa0, 0x0000029de0ae1fe0, 0x0000029de0adb590,
0x0000029de0ae0ba0, 0x0000029de0ae10b0, 0x0000029de0aded40, 0x0000029de0adf250,
0x0000029de0ae15c0, 0x0000029de0ae24f0, 0x0000029de0adbfb0, 0x0000029de0adde10,
0x0000029de0ade320, 0x0000029de0ae2f10, 0x0000029de0adc4c0, 0x0000029de0adcee0,
0x0000029de0add3f0, 0x0000029de0add900, 0x0000029de0adf760, 0x0000029de3671d90,
0x0000029de3c4ea90
}

Java Threads: ( => current thread )
  0x0000029da13f8af0 JavaThread "main" [_thread_blocked, id=4964, stack(0x000000dd56b00000,0x000000dd56c00000)]
  0x0000029dbf8a3d10 JavaThread "Reference Handler" daemon [_thread_blocked, id=14084, stack(0x000000dd57200000,0x000000dd57300000)]
  0x0000029dbf8a4aa0 JavaThread "Finalizer" daemon [_thread_blocked, id=7620, stack(0x000000dd57300000,0x000000dd57400000)]
  0x0000029dbf8be900 JavaThread "Signal Dispatcher" daemon [_thread_blocked, id=7496, stack(0x000000dd57400000,0x000000dd57500000)]
  0x0000029dbf9c1480 JavaThread "Attach Listener" daemon [_thread_blocked, id=13524, stack(0x000000dd57500000,0x000000dd57600000)]
  0x0000029dbf9c2d60 JavaThread "Service Thread" daemon [_thread_blocked, id=15084, stack(0x000000dd57600000,0x000000dd57700000)]
  0x0000029dbf9c5a50 JavaThread "Monitor Deflation Thread" daemon [_thread_blocked, id=7292, stack(0x000000dd57700000,0x000000dd57800000)]
  0x0000029dbf9c7390 JavaThread "C2 CompilerThread0" daemon [_thread_blocked, id=14696, stack(0x000000dd57800000,0x000000dd57900000)]
  0x0000029dbf9c84b0 JavaThread "C1 CompilerThread0" daemon [_thread_blocked, id=15612, stack(0x000000dd57900000,0x000000dd57a00000)]
  0x0000029dbf9fa220 JavaThread "Sweeper thread" daemon [_thread_blocked, id=13456, stack(0x000000dd57a00000,0x000000dd57b00000)]
  0x0000029dbfb33a70 JavaThread "Common-Cleaner" daemon [_thread_blocked, id=9000, stack(0x000000dd57b00000,0x000000dd57c00000)]
  0x0000029dbfb33050 JavaThread "Notification Thread" daemon [_thread_blocked, id=16124, stack(0x000000dd57c00000,0x000000dd57d00000)]
  0x0000029dbfb33560 JavaThread "Daemon health stats" [_thread_blocked, id=12668, stack(0x000000dd58500000,0x000000dd58600000)]
  0x0000029dbfb33f80 JavaThread "Incoming local TCP Connector on port 49803" [_thread_in_native, id=11128, stack(0x000000dd57e00000,0x000000dd57f00000)]
  0x0000029dbfb311f0 JavaThread "Daemon periodic checks" [_thread_blocked, id=12096, stack(0x000000dd57f00000,0x000000dd58000000)]
  0x0000029dbfb34490 JavaThread "Daemon" [_thread_blocked, id=15972, stack(0x000000dd58600000,0x000000dd58700000)]
  0x0000029dbfb30ce0 JavaThread "Handler for socket connection from /127.0.0.1:49803 to /127.0.0.1:49804" [_thread_in_native, id=8308, stack(0x000000dd58700000,0x000000dd58800000)]
  0x0000029dbfb32120 JavaThread "Cancel handler" [_thread_blocked, id=7952, stack(0x000000dd58800000,0x000000dd58900000)]
  0x0000029dbfb31700 JavaThread "Daemon worker" [_thread_in_vm, id=10384, stack(0x000000dd58900000,0x000000dd58a00000)]
  0x0000029dbfb31c10 JavaThread "Asynchronous log dispatcher for DefaultDaemonConnection: socket connection from /127.0.0.1:49803 to /127.0.0.1:49804" [_thread_blocked, id=1700, stack(0x000000dd58a00000,0x000000dd58b00000)]
  0x0000029dbfb32630 JavaThread "Stdin handler" [_thread_blocked, id=7356, stack(0x000000dd58b00000,0x000000dd58c00000)]
  0x0000029dbfb32b40 JavaThread "Daemon client event forwarder" [_thread_blocked, id=15608, stack(0x000000dd58c00000,0x000000dd58d00000)]
  0x0000029de0cbc920 JavaThread "Cache worker for journal cache (C:\Users\User\.gradle\caches\journal-1)" [_thread_blocked, id=12436, stack(0x000000dd58d00000,0x000000dd58e00000)]
  0x0000029de0cbce30 JavaThread "File lock request listener" [_thread_in_native, id=16168, stack(0x000000dd58e00000,0x000000dd58f00000)]
  0x0000029de0cbd850 JavaThread "Cache worker for file hash cache (C:\Users\User\.gradle\caches\7.5.1\fileHashes)" [_thread_blocked, id=3120, stack(0x000000dd58f00000,0x000000dd59000000)]
  0x0000029de0cb9170 JavaThread "File watcher server" daemon [_thread_in_native, id=8164, stack(0x000000dd59200000,0x000000dd59300000)]
  0x0000029de0cbbf00 JavaThread "File watcher consumer" daemon [_thread_blocked, id=13536, stack(0x000000dd59300000,0x000000dd59400000)]
  0x0000029de0cbdd60 JavaThread "Cache worker for checksums cache (D:\project\tbd\gdsk\android\.gradle\7.5.1\checksums)" [_thread_blocked, id=9640, stack(0x000000dd59400000,0x000000dd59500000)]
  0x0000029de0cb7d30 JavaThread "Cache worker for cache directory md-rule (C:\Users\User\.gradle\caches\7.5.1\md-rule)" [_thread_blocked, id=11204, stack(0x000000dd59500000,0x000000dd59600000)]
  0x0000029de0cb7820 JavaThread "Cache worker for file content cache (C:\Users\User\.gradle\caches\7.5.1\fileContent)" [_thread_blocked, id=15236, stack(0x000000dd59600000,0x000000dd59700000)]
  0x0000029de0cbd340 JavaThread "Cache worker for file hash cache (D:\project\tbd\gdsk\android\.gradle\7.5.1\fileHashes)" [_thread_blocked, id=14576, stack(0x000000dd59700000,0x000000dd59800000)]
  0x0000029de0cbafd0 JavaThread "Cache worker for cache directory md-supplier (C:\Users\User\.gradle\caches\7.5.1\md-supplier)" [_thread_blocked, id=4252, stack(0x000000dd59800000,0x000000dd59900000)]
  0x0000029de0cb8c60 JavaThread "Cache worker for execution history cache (C:\Users\User\.gradle\caches\7.5.1\executionHistory)" [_thread_blocked, id=11808, stack(0x000000dd59c00000,0x000000dd59d00000)]
  0x0000029de0cb7310 JavaThread "jar transforms" [_thread_blocked, id=6808, stack(0x000000dd59d00000,0x000000dd59e00000)]
  0x0000029de0cb9680 JavaThread "jar transforms Thread 2" [_thread_blocked, id=9540, stack(0x000000dd59e00000,0x000000dd59f00000)]
  0x0000029de0cba0a0 JavaThread "jar transforms Thread 3" [_thread_blocked, id=12728, stack(0x000000dd59100000,0x000000dd59200000)]
  0x0000029de0cba5b0 JavaThread "jar transforms Thread 4" [_thread_blocked, id=980, stack(0x000000dd5a000000,0x000000dd5a100000)]
  0x0000029de0cbaac0 JavaThread "Cache worker for kotlin-dsl (C:\Users\User\.gradle\caches\7.5.1\kotlin-dsl)" [_thread_blocked, id=12344, stack(0x000000dd5a100000,0x000000dd5a200000)]
  0x0000029de0cbb4e0 JavaThread "jar transforms Thread 5" [_thread_blocked, id=7416, stack(0x000000dd5a200000,0x000000dd5a300000)]
  0x0000029de0cbb9f0 JavaThread "jar transforms Thread 6" [_thread_blocked, id=13184, stack(0x000000dd5a300000,0x000000dd5a400000)]
  0x0000029de0cbc410 JavaThread "Cache worker for dependencies-accessors (D:\project\tbd\gdsk\android\.gradle\7.5.1\dependencies-accessors)" [_thread_blocked, id=2872, stack(0x000000dd5a400000,0x000000dd5a500000)]
  0x0000029de1ae7740 JavaThread "Cache worker for Build Output Cleanup Cache (D:\project\tbd\gdsk\node_modules\react-native-gradle-plugin\.gradle\buildOutputCleanup)" [_thread_blocked, id=14300, stack(0x000000dd5a500000,0x000000dd5a600000)]
  0x0000029de1ae9fc0 JavaThread "jar transforms Thread 7" [_thread_blocked, id=3284, stack(0x000000dd5a600000,0x000000dd5a700000)]
  0x0000029de1ae49b0 JavaThread "Unconstrained build operations" [_thread_blocked, id=564, stack(0x000000dd59f00000,0x000000dd5a000000)]
  0x0000029de1ae8b80 JavaThread "Unconstrained build operations Thread 2" [_thread_blocked, id=16136, stack(0x000000dd5a800000,0x000000dd5a900000)]
  0x0000029de1ae9ab0 JavaThread "Unconstrained build operations Thread 3" [_thread_blocked, id=5584, stack(0x000000dd5a900000,0x000000dd5aa00000)]
  0x0000029de1aea9e0 JavaThread "Unconstrained build operations Thread 4" [_thread_blocked, id=13824, stack(0x000000dd5aa00000,0x000000dd5ab00000)]
  0x0000029de1aea4d0 JavaThread "Unconstrained build operations Thread 5" [_thread_blocked, id=6900, stack(0x000000dd5ab00000,0x000000dd5ac00000)]
  0x0000029de1aeaef0 JavaThread "Unconstrained build operations Thread 6" [_thread_blocked, id=8012, stack(0x000000dd5ac00000,0x000000dd5ad00000)]
  0x0000029de1aeb400 JavaThread "Unconstrained build operations Thread 7" [_thread_blocked, id=8008, stack(0x000000dd5ad00000,0x000000dd5ae00000)]
  0x0000029de1aeb910 JavaThread "Unconstrained build operations Thread 8" [_thread_blocked, id=1656, stack(0x000000dd5ae00000,0x000000dd5af00000)]
  0x0000029de1ae9090 JavaThread "Unconstrained build operations Thread 9" [_thread_blocked, id=9920, stack(0x000000dd5af00000,0x000000dd5b000000)]
  0x0000029de1ae44a0 JavaThread "Unconstrained build operations Thread 10" [_thread_blocked, id=9228, stack(0x000000dd5b000000,0x000000dd5b100000)]
  0x0000029de1aebe20 JavaThread "Unconstrained build operations Thread 11" [_thread_blocked, id=9852, stack(0x000000dd5b100000,0x000000dd5b200000)]
  0x0000029de1ae4ec0 JavaThread "Unconstrained build operations Thread 12" [_thread_blocked, id=7716, stack(0x000000dd5b200000,0x000000dd5b300000)]
  0x0000029de1ae53d0 JavaThread "Unconstrained build operations Thread 13" [_thread_blocked, id=16316, stack(0x000000dd5b300000,0x000000dd5b400000)]
  0x0000029de1ae58e0 JavaThread "Unconstrained build operations Thread 14" [_thread_blocked, id=14668, stack(0x000000dd5b400000,0x000000dd5b500000)]
  0x0000029de1ae5df0 JavaThread "Unconstrained build operations Thread 15" [_thread_blocked, id=12676, stack(0x000000dd5b500000,0x000000dd5b600000)]
  0x0000029de1ae6300 JavaThread "Unconstrained build operations Thread 16" [_thread_blocked, id=13704, stack(0x000000dd5b600000,0x000000dd5b700000)]
  0x0000029de1ae6810 JavaThread "Unconstrained build operations Thread 17" [_thread_blocked, id=9800, stack(0x000000dd5b700000,0x000000dd5b800000)]
  0x0000029de1ae6d20 JavaThread "Unconstrained build operations Thread 18" [_thread_blocked, id=8136, stack(0x000000dd5b800000,0x000000dd5b900000)]
  0x0000029de1ae7230 JavaThread "Unconstrained build operations Thread 19" [_thread_blocked, id=15192, stack(0x000000dd5b900000,0x000000dd5ba00000)]
  0x0000029de1ae7c50 JavaThread "Unconstrained build operations Thread 20" [_thread_blocked, id=13044, stack(0x000000dd5ba00000,0x000000dd5bb00000)]
  0x0000029de1ae8160 JavaThread "Unconstrained build operations Thread 21" [_thread_blocked, id=15208, stack(0x000000dd5bb00000,0x000000dd5bc00000)]
  0x0000029de1ae8670 JavaThread "Unconstrained build operations Thread 22" [_thread_blocked, id=3264, stack(0x000000dd5bc00000,0x000000dd5bd00000)]
  0x0000029de3a05910 JavaThread "Unconstrained build operations Thread 23" [_thread_blocked, id=14032, stack(0x000000dd5bd00000,0x000000dd5be00000)]
  0x0000029de3a035a0 JavaThread "Unconstrained build operations Thread 24" [_thread_blocked, id=3492, stack(0x000000dd5be00000,0x000000dd5bf00000)]
  0x0000029de3a06330 JavaThread "Unconstrained build operations Thread 25" [_thread_blocked, id=9360, stack(0x000000dd5bf00000,0x000000dd5c000000)]
  0x0000029de3a06840 JavaThread "Unconstrained build operations Thread 26" [_thread_blocked, id=5736, stack(0x000000dd5c000000,0x000000dd5c100000)]
  0x0000029de3a06d50 JavaThread "Unconstrained build operations Thread 27" [_thread_blocked, id=12976, stack(0x000000dd5c100000,0x000000dd5c200000)]
  0x0000029de3a04ef0 JavaThread "Unconstrained build operations Thread 28" [_thread_blocked, id=3624, stack(0x000000dd5c200000,0x000000dd5c300000)]
  0x0000029de3a03090 JavaThread "Unconstrained build operations Thread 29" [_thread_blocked, id=14996, stack(0x000000dd5c300000,0x000000dd5c400000)]
  0x0000029de3a049e0 JavaThread "Unconstrained build operations Thread 30" [_thread_blocked, id=14876, stack(0x000000dd5c400000,0x000000dd5c500000)]
  0x0000029de3a01c50 JavaThread "Unconstrained build operations Thread 31" [_thread_blocked, id=1004, stack(0x000000dd5c500000,0x000000dd5c600000)]
  0x0000029de3a00d20 JavaThread "Unconstrained build operations Thread 32" [_thread_blocked, id=7216, stack(0x000000dd5c600000,0x000000dd5c700000)]
  0x0000029de3a07260 JavaThread "Unconstrained build operations Thread 33" [_thread_blocked, id=12744, stack(0x000000dd5c700000,0x000000dd5c800000)]
  0x0000029de3a05e20 JavaThread "jar transforms Thread 8" [_thread_blocked, id=7108, stack(0x000000dd5c900000,0x000000dd5ca00000)]
  0x0000029de3a07770 JavaThread "build event listener" [_thread_blocked, id=10196, stack(0x000000dd5ca00000,0x000000dd5cb00000)]
  0x0000029de3a02160 JavaThread "Memory manager" [_thread_blocked, id=3436, stack(0x000000dd5cb00000,0x000000dd5cc00000)]
  0x0000029de3a08190 JavaThread "Cache worker for Build Output Cleanup Cache (D:\project\tbd\gdsk\android\.gradle\buildOutputCleanup)" [_thread_blocked, id=5616, stack(0x000000dd5c800000,0x000000dd5c900000)]
  0x0000029de3a086a0 JavaThread "included builds" [_thread_blocked, id=10896, stack(0x000000dd5cd00000,0x000000dd5ce00000)]
  0x0000029de3a03fc0 JavaThread "Execution worker" [_thread_blocked, id=7248, stack(0x000000dd5ce00000,0x000000dd5cf00000)]
  0x0000029de3a01230 JavaThread "Execution worker Thread 2" [_thread_blocked, id=16260, stack(0x000000dd5cf00000,0x000000dd5d000000)]
  0x0000029de3a044d0 JavaThread "Execution worker Thread 3" [_thread_blocked, id=6492, stack(0x000000dd5d000000,0x000000dd5d100000)]
  0x0000029de3a01740 JavaThread "Execution worker Thread 4" [_thread_blocked, id=12472, stack(0x000000dd5d100000,0x000000dd5d200000)]
  0x0000029de3a02670 JavaThread "Execution worker Thread 5" [_thread_blocked, id=10324, stack(0x000000dd5d200000,0x000000dd5d300000)]
  0x0000029de3a03ab0 JavaThread "Execution worker Thread 6" [_thread_blocked, id=7188, stack(0x000000dd5d300000,0x000000dd5d400000)]
  0x0000029de0d92600 JavaThread "Execution worker Thread 7" [_thread_blocked, id=8132, stack(0x000000dd5d400000,0x000000dd5d500000)]
  0x0000029de0d91be0 JavaThread "Cache worker for execution history cache (D:\project\tbd\gdsk\node_modules\react-native-gradle-plugin\.gradle\7.5.1\executionHistory)" [_thread_blocked, id=8244, stack(0x000000dd5d500000,0x000000dd5d600000)]
  0x0000029de0d920f0 JavaThread "Unconstrained build operations Thread 34" [_thread_blocked, id=13372, stack(0x000000dd5d600000,0x000000dd5d700000)]
  0x0000029de0d8fd80 JavaThread "Unconstrained build operations Thread 35" [_thread_blocked, id=14932, stack(0x000000dd5d700000,0x000000dd5d800000)]
  0x0000029de0d93f50 JavaThread "Unconstrained build operations Thread 36" [_thread_blocked, id=5228, stack(0x000000dd5d800000,0x000000dd5d900000)]
  0x0000029de0d967d0 JavaThread "Unconstrained build operations Thread 37" [_thread_blocked, id=14464, stack(0x000000dd5d900000,0x000000dd5da00000)]
  0x0000029de0d93a40 JavaThread "Unconstrained build operations Thread 38" [_thread_blocked, id=9132, stack(0x000000dd5da00000,0x000000dd5db00000)]
  0x0000029de0d90cb0 JavaThread "Unconstrained build operations Thread 39" [_thread_blocked, id=3952, stack(0x000000dd5db00000,0x000000dd5dc00000)]
  0x0000029de0d911c0 JavaThread "Unconstrained build operations Thread 40" [_thread_blocked, id=13248, stack(0x000000dd5dc00000,0x000000dd5dd00000)]
  0x0000029de0d916d0 JavaThread "Unconstrained build operations Thread 41" [_thread_blocked, id=1032, stack(0x000000dd5dd00000,0x000000dd5de00000)]
  0x0000029de0d92b10 JavaThread "Unconstrained build operations Thread 42" [_thread_blocked, id=14824, stack(0x000000dd5de00000,0x000000dd5df00000)]
  0x0000029de0d93020 JavaThread "Unconstrained build operations Thread 43" [_thread_blocked, id=13436, stack(0x000000dd5df00000,0x000000dd5e000000)]
  0x0000029de0d96ce0 JavaThread "Unconstrained build operations Thread 44" [_thread_blocked, id=13508, stack(0x000000dd5e000000,0x000000dd5e100000)]
  0x0000029de0d90290 JavaThread "Unconstrained build operations Thread 45" [_thread_blocked, id=13412, stack(0x000000dd5e100000,0x000000dd5e200000)]
  0x0000029de0d971f0 JavaThread "Unconstrained build operations Thread 46" [_thread_blocked, id=11536, stack(0x000000dd5e200000,0x000000dd5e300000)]
  0x0000029de0d97700 JavaThread "Unconstrained build operations Thread 47" [_thread_blocked, id=13900, stack(0x000000dd5e300000,0x000000dd5e400000)]
  0x0000029de0d907a0 JavaThread "Unconstrained build operations Thread 48" [_thread_blocked, id=12020, stack(0x000000dd5e400000,0x000000dd5e500000)]
  0x0000029de0d958a0 JavaThread "Unconstrained build operations Thread 49" [_thread_blocked, id=2756, stack(0x000000dd5e500000,0x000000dd5e600000)]
  0x0000029de0d93530 JavaThread "Unconstrained build operations Thread 50" [_thread_blocked, id=6508, stack(0x000000dd5e600000,0x000000dd5e700000)]
  0x0000029de0d94460 JavaThread "Unconstrained build operations Thread 51" [_thread_blocked, id=14068, stack(0x000000dd5e700000,0x000000dd5e800000)]
  0x0000029de0d94970 JavaThread "Unconstrained build operations Thread 52" [_thread_blocked, id=10672, stack(0x000000dd5e800000,0x000000dd5e900000)]
  0x0000029de0d94e80 JavaThread "Unconstrained build operations Thread 53" [_thread_blocked, id=13308, stack(0x000000dd5e900000,0x000000dd5ea00000)]
  0x0000029de0d95390 JavaThread "Unconstrained build operations Thread 54" [_thread_blocked, id=9744, stack(0x000000dd5ea00000,0x000000dd5eb00000)]
  0x0000029de0adfc70 JavaThread "Unconstrained build operations Thread 55" [_thread_blocked, id=15500, stack(0x000000dd5cc00000,0x000000dd5cd00000)]
  0x0000029de0adc9d0 JavaThread "Unconstrained build operations Thread 56" [_thread_blocked, id=3452, stack(0x000000dd5eb00000,0x000000dd5ec00000)]
  0x0000029de0ae2a00 JavaThread "Unconstrained build operations Thread 57" [_thread_blocked, id=8184, stack(0x000000dd5ec00000,0x000000dd5ed00000)]
  0x0000029de0ae0180 JavaThread "Unconstrained build operations Thread 58" [_thread_blocked, id=16368, stack(0x000000dd5ed00000,0x000000dd5ee00000)]
  0x0000029de0ae1ad0 JavaThread "Unconstrained build operations Thread 59" [_thread_blocked, id=14132, stack(0x000000dd5ee00000,0x000000dd5ef00000)]
  0x0000029de0ae0690 JavaThread "Unconstrained build operations Thread 60" [_thread_blocked, id=13960, stack(0x000000dd5ef00000,0x000000dd5f000000)]
  0x0000029de0ade830 JavaThread "Unconstrained build operations Thread 61" [_thread_blocked, id=12856, stack(0x000000dd5f000000,0x000000dd5f100000)]
  0x0000029de0adbaa0 JavaThread "Unconstrained build operations Thread 62" [_thread_blocked, id=3800, stack(0x000000dd5f100000,0x000000dd5f200000)]
  0x0000029de0ae1fe0 JavaThread "Unconstrained build operations Thread 63" [_thread_blocked, id=3252, stack(0x000000dd5f200000,0x000000dd5f300000)]
  0x0000029de0adb590 JavaThread "Unconstrained build operations Thread 64" [_thread_blocked, id=12584, stack(0x000000dd5f300000,0x000000dd5f400000)]
  0x0000029de0ae0ba0 JavaThread "Unconstrained build operations Thread 65" [_thread_blocked, id=4244, stack(0x000000dd5f400000,0x000000dd5f500000)]
  0x0000029de0ae10b0 JavaThread "Unconstrained build operations Thread 66" [_thread_blocked, id=14724, stack(0x000000dd5f500000,0x000000dd5f600000)]
  0x0000029de0aded40 JavaThread "Unconstrained build operations Thread 67" [_thread_blocked, id=9952, stack(0x000000dd5f600000,0x000000dd5f700000)]
  0x0000029de0adf250 JavaThread "Unconstrained build operations Thread 68" [_thread_blocked, id=11960, stack(0x000000dd5f700000,0x000000dd5f800000)]
  0x0000029de0ae15c0 JavaThread "Unconstrained build operations Thread 69" [_thread_blocked, id=7252, stack(0x000000dd5f800000,0x000000dd5f900000)]
  0x0000029de0ae24f0 JavaThread "Unconstrained build operations Thread 70" [_thread_blocked, id=9636, stack(0x000000dd5f900000,0x000000dd5fa00000)]
  0x0000029de0adbfb0 JavaThread "Unconstrained build operations Thread 71" [_thread_blocked, id=14988, stack(0x000000dd5fa00000,0x000000dd5fb00000)]
  0x0000029de0adde10 JavaThread "Unconstrained build operations Thread 72" [_thread_blocked, id=10284, stack(0x000000dd5fb00000,0x000000dd5fc00000)]
  0x0000029de0ade320 JavaThread "Unconstrained build operations Thread 73" [_thread_blocked, id=11752, stack(0x000000dd5fc00000,0x000000dd5fd00000)]
  0x0000029de0ae2f10 JavaThread "Unconstrained build operations Thread 74" [_thread_blocked, id=9232, stack(0x000000dd5fd00000,0x000000dd5fe00000)]
  0x0000029de0adc4c0 JavaThread "Unconstrained build operations Thread 75" [_thread_blocked, id=15576, stack(0x000000dd5fe00000,0x000000dd5ff00000)]
  0x0000029de0adcee0 JavaThread "Unconstrained build operations Thread 76" [_thread_blocked, id=14860, stack(0x000000dd5ff00000,0x000000dd60000000)]
  0x0000029de0add3f0 JavaThread "Unconstrained build operations Thread 77" [_thread_blocked, id=6420, stack(0x000000dd60000000,0x000000dd60100000)]
  0x0000029de0add900 JavaThread "Unconstrained build operations Thread 78" [_thread_blocked, id=10268, stack(0x000000dd60100000,0x000000dd60200000)]
  0x0000029de0adf760 JavaThread "Unconstrained build operations Thread 79" [_thread_blocked, id=14752, stack(0x000000dd60200000,0x000000dd60300000)]
  0x0000029de3671d90 JavaThread "Unconstrained build operations Thread 80" [_thread_blocked, id=8552, stack(0x000000dd60300000,0x000000dd60400000)]
  0x0000029de3c4ea90 JavaThread "C2 CompilerThread1" daemon [_thread_blocked, id=13736, stack(0x000000dd59000000,0x000000dd59100000)]

Other Threads:
  0x0000029dbf8a1200 VMThread "VM Thread" [stack: 0x000000dd57100000,0x000000dd57200000] [id=7884]
  0x0000029da147bd90 WatcherThread [stack: 0x000000dd57d00000,0x000000dd57e00000] [id=12292]
  0x0000029da14579c0 GCTaskThread "GC Thread#0" [stack: 0x000000dd56c00000,0x000000dd56d00000] [id=10544]
  0x0000029ddf556000 GCTaskThread "GC Thread#1" [stack: 0x000000dd58000000,0x000000dd58100000] [id=3744]
  0x0000029ddf5562c0 GCTaskThread "GC Thread#2" [stack: 0x000000dd58100000,0x000000dd58200000] [id=13424]
  0x0000029ddf556580 GCTaskThread "GC Thread#3" [stack: 0x000000dd58200000,0x000000dd58300000] [id=15580]
  0x0000029ddf556840 GCTaskThread "GC Thread#4" [stack: 0x000000dd58300000,0x000000dd58400000] [id=8516]
  0x0000029ddf9ef4b0 GCTaskThread "GC Thread#5" [stack: 0x000000dd58400000,0x000000dd58500000] [id=15952]
  0x0000029de0c034c0 GCTaskThread "GC Thread#6" [stack: 0x000000dd59900000,0x000000dd59a00000] [id=12600]
  0x0000029de1b11be0 GCTaskThread "GC Thread#7" [stack: 0x000000dd59a00000,0x000000dd59b00000] [id=11628]
  0x0000029da1468820 ConcurrentGCThread "G1 Main Marker" [stack: 0x000000dd56d00000,0x000000dd56e00000] [id=9012]
  0x0000029da146a8f0 ConcurrentGCThread "G1 Conc#0" [stack: 0x000000dd56e00000,0x000000dd56f00000] [id=11780]
=>0x0000029de1b11ea0 ConcurrentGCThread "G1 Conc#1" [stack: 0x000000dd59b00000,0x000000dd59c00000] [id=14540]
  0x0000029da14adcc0 ConcurrentGCThread "G1 Refine#0" [stack: 0x000000dd56f00000,0x000000dd57000000] [id=1940]
  0x0000029da14ae600 ConcurrentGCThread "G1 Service" [stack: 0x000000dd57000000,0x000000dd57100000] [id=5936]

Threads with active compile tasks:
C2 CompilerThread0    30261 8977       4       java.lang.reflect.Constructor::newInstanceWithCaller (75 bytes)
C1 CompilerThread0    30262 8978   !   3       java.security.AccessController::doPrivileged (22 bytes)

VM state: not at safepoint (normal execution)

VM Mutex/Monitor currently owned by a thread: None

Heap address: 0x0000000080000000, size: 2048 MB, Compressed Oops mode: 32-bit

CDS archive(s) mapped at: [0x0000029dc0000000-0x0000029dc0bd0000-0x0000029dc0bd0000), size 12386304, SharedBaseAddress: 0x0000029dc0000000, ArchiveRelocationMode: 1.
Compressed class space mapped at: 0x0000029dc1000000-0x0000029ddb000000, reserved size: 436207616
Narrow klass base: 0x0000029dc0000000, Narrow klass shift: 0, Narrow klass range: 0x100000000

GC Precious Log:
 CPUs: 8 total, 8 available
 Memory: 15990M
 Large Page Support: Disabled
 NUMA Support: Disabled
 Compressed Oops: Enabled (32-bit)
 Heap Region Size: 1M
 Heap Min Capacity: 8M
 Heap Initial Capacity: 250M
 Heap Max Capacity: 2G
 Pre-touch: Disabled
 Parallel Workers: 8
 Concurrent Workers: 2
 Concurrent Refinement Workers: 8
 Periodic GC: Disabled

Heap:
 garbage-first heap   total 99328K, used 70452K [0x0000000080000000, 0x0000000100000000)
  region size 1024K, 4 young (4096K), 1 survivors (1024K)
 Metaspace       used 69325K, committed 69952K, reserved 491520K
  class space    used 9581K, committed 9856K, reserved 425984K

Heap Regions: E=young(eden), S=young(survivor), O=old, HS=humongous(starts), HC=humongous(continues), CS=collection set, F=free, OA=open archive, CA=closed archive, TAMS=top-at-mark-start (previous, next)
|   0|0x0000000080000000, 0x0000000080100000, 0x0000000080100000|100%| O|  |TAMS 0x0000000080100000, 0x0000000080100000| Untracked 
|   1|0x0000000080100000, 0x0000000080200000, 0x0000000080200000|100%| O|  |TAMS 0x0000000080200000, 0x0000000080200000| Untracked 
|   2|0x0000000080200000, 0x0000000080300000, 0x0000000080300000|100%| O|  |TAMS 0x0000000080300000, 0x0000000080300000| Untracked 
|   3|0x0000000080300000, 0x0000000080400000, 0x0000000080400000|100%|HS|  |TAMS 0x0000000080400000, 0x0000000080400000| Complete 
|   4|0x0000000080400000, 0x0000000080500000, 0x0000000080500000|100%|HC|  |TAMS 0x0000000080500000, 0x0000000080500000| Complete 
|   5|0x0000000080500000, 0x0000000080600000, 0x0000000080600000|100%|HC|  |TAMS 0x0000000080600000, 0x0000000080600000| Complete 
|   6|0x0000000080600000, 0x0000000080700000, 0x0000000080700000|100%| O|  |TAMS 0x0000000080700000, 0x0000000080700000| Untracked 
|   7|0x0000000080700000, 0x0000000080800000, 0x0000000080800000|100%| O|  |TAMS 0x0000000080800000, 0x0000000080800000| Untracked 
|   8|0x0000000080800000, 0x0000000080900000, 0x0000000080900000|100%| O|  |TAMS 0x0000000080900000, 0x0000000080900000| Untracked 
|   9|0x0000000080900000, 0x0000000080a00000, 0x0000000080a00000|100%| O|  |TAMS 0x0000000080a00000, 0x0000000080a00000| Untracked 
|  10|0x0000000080a00000, 0x0000000080a00000, 0x0000000080b00000|  0%| F|  |TAMS 0x0000000080a00000, 0x0000000080a00000| Untracked 
|  11|0x0000000080b00000, 0x0000000080c00000, 0x0000000080c00000|100%| O|  |TAMS 0x0000000080c00000, 0x0000000080c00000| Untracked 
|  12|0x0000000080c00000, 0x0000000080d00000, 0x0000000080d00000|100%| O|  |TAMS 0x0000000080d00000, 0x0000000080d00000| Untracked 
|  13|0x0000000080d00000, 0x0000000080e00000, 0x0000000080e00000|100%| O|  |TAMS 0x0000000080e00000, 0x0000000080e00000| Untracked 
|  14|0x0000000080e00000, 0x0000000080f00000, 0x0000000080f00000|100%| O|  |TAMS 0x0000000080f00000, 0x0000000080f00000| Untracked 
|  15|0x0000000080f00000, 0x0000000081000000, 0x0000000081000000|100%| O|  |TAMS 0x0000000081000000, 0x0000000081000000| Untracked 
|  16|0x0000000081000000, 0x0000000081100000, 0x0000000081100000|100%| O|  |TAMS 0x0000000081100000, 0x0000000081100000| Untracked 
|  17|0x0000000081100000, 0x0000000081200000, 0x0000000081200000|100%| O|  |TAMS 0x0000000081200000, 0x0000000081200000| Untracked 
|  18|0x0000000081200000, 0x00000000812ffff8, 0x0000000081300000| 99%| O|  |TAMS 0x00000000812ffff8, 0x00000000812ffff8| Untracked 
|  19|0x0000000081300000, 0x0000000081400000, 0x0000000081400000|100%| O|  |TAMS 0x0000000081400000, 0x0000000081400000| Untracked 
|  20|0x0000000081400000, 0x0000000081500000, 0x0000000081500000|100%| O|  |TAMS 0x0000000081500000, 0x0000000081500000| Untracked 
|  21|0x0000000081500000, 0x0000000081600000, 0x0000000081600000|100%| O|  |TAMS 0x0000000081600000, 0x0000000081600000| Untracked 
|  22|0x0000000081600000, 0x0000000081700000, 0x0000000081700000|100%| O|  |TAMS 0x0000000081700000, 0x0000000081700000| Untracked 
|  23|0x0000000081700000, 0x0000000081800000, 0x0000000081800000|100%| O|  |TAMS 0x0000000081800000, 0x0000000081800000| Untracked 
|  24|0x0000000081800000, 0x0000000081900000, 0x0000000081900000|100%| O|  |TAMS 0x0000000081900000, 0x0000000081900000| Untracked 
|  25|0x0000000081900000, 0x0000000081a00000, 0x0000000081a00000|100%| O|  |TAMS 0x0000000081a00000, 0x0000000081a00000| Untracked 
|  26|0x0000000081a00000, 0x0000000081b00000, 0x0000000081b00000|100%| O|  |TAMS 0x0000000081b00000, 0x0000000081b00000| Untracked 
|  27|0x0000000081b00000, 0x0000000081c00000, 0x0000000081c00000|100%| O|  |TAMS 0x0000000081c00000, 0x0000000081c00000| Untracked 
|  28|0x0000000081c00000, 0x0000000081d00000, 0x0000000081d00000|100%| O|  |TAMS 0x0000000081d00000, 0x0000000081d00000| Untracked 
|  29|0x0000000081d00000, 0x0000000081e00000, 0x0000000081e00000|100%| O|  |TAMS 0x0000000081e00000, 0x0000000081e00000| Untracked 
|  30|0x0000000081e00000, 0x0000000081f00000, 0x0000000081f00000|100%|HS|  |TAMS 0x0000000081f00000, 0x0000000081f00000| Complete 
|  31|0x0000000081f00000, 0x0000000082000000, 0x0000000082000000|100%| O|  |TAMS 0x0000000082000000, 0x0000000082000000| Untracked 
|  32|0x0000000082000000, 0x0000000082100000, 0x0000000082100000|100%| O|  |TAMS 0x0000000082100000, 0x0000000082100000| Untracked 
|  33|0x0000000082100000, 0x0000000082200000, 0x0000000082200000|100%| O|  |TAMS 0x0000000082200000, 0x0000000082200000| Untracked 
|  34|0x0000000082200000, 0x0000000082300000, 0x0000000082300000|100%| O|  |TAMS 0x0000000082300000, 0x0000000082300000| Untracked 
|  35|0x0000000082300000, 0x0000000082400000, 0x0000000082400000|100%| O|  |TAMS 0x0000000082400000, 0x0000000082400000| Untracked 
|  36|0x0000000082400000, 0x0000000082500000, 0x0000000082500000|100%| O|  |TAMS 0x0000000082500000, 0x0000000082500000| Untracked 
|  37|0x0000000082500000, 0x0000000082600000, 0x0000000082600000|100%|HS|  |TAMS 0x0000000082600000, 0x0000000082600000| Complete 
|  38|0x0000000082600000, 0x0000000082700000, 0x0000000082700000|100%|HC|  |TAMS 0x0000000082700000, 0x0000000082700000| Complete 
|  39|0x0000000082700000, 0x0000000082800000, 0x0000000082800000|100%|HC|  |TAMS 0x0000000082800000, 0x0000000082800000| Complete 
|  40|0x0000000082800000, 0x0000000082900000, 0x0000000082900000|100%| O|  |TAMS 0x0000000082900000, 0x0000000082900000| Untracked 
|  41|0x0000000082900000, 0x0000000082a00000, 0x0000000082a00000|100%| O|  |TAMS 0x0000000082a00000, 0x0000000082a00000| Untracked 
|  42|0x0000000082a00000, 0x0000000082b00000, 0x0000000082b00000|100%| O|  |TAMS 0x0000000082b00000, 0x0000000082b00000| Untracked 
|  43|0x0000000082b00000, 0x0000000082c00000, 0x0000000082c00000|100%| O|  |TAMS 0x0000000082c00000, 0x0000000082c00000| Untracked 
|  44|0x0000000082c00000, 0x0000000082d00000, 0x0000000082d00000|100%| O|  |TAMS 0x0000000082d00000, 0x0000000082d00000| Untracked 
|  45|0x0000000082d00000, 0x0000000082e00000, 0x0000000082e00000|100%| O|  |TAMS 0x0000000082e00000, 0x0000000082e00000| Untracked 
|  46|0x0000000082e00000, 0x0000000082f00000, 0x0000000082f00000|100%| O|  |TAMS 0x0000000082f00000, 0x0000000082f00000| Untracked 
|  47|0x0000000082f00000, 0x0000000083000000, 0x0000000083000000|100%| O|  |TAMS 0x0000000083000000, 0x0000000083000000| Untracked 
|  48|0x0000000083000000, 0x0000000083100000, 0x0000000083100000|100%| O|  |TAMS 0x0000000083100000, 0x0000000083100000| Untracked 
|  49|0x0000000083100000, 0x0000000083200000, 0x0000000083200000|100%| O|  |TAMS 0x0000000083200000, 0x0000000083200000| Untracked 
|  50|0x0000000083200000, 0x0000000083300000, 0x0000000083300000|100%| O|  |TAMS 0x0000000083300000, 0x0000000083300000| Untracked 
|  51|0x0000000083300000, 0x0000000083400000, 0x0000000083400000|100%| O|  |TAMS 0x0000000083400000, 0x0000000083400000| Untracked 
|  52|0x0000000083400000, 0x0000000083500000, 0x0000000083500000|100%| O|  |TAMS 0x0000000083489e00, 0x0000000083500000| Untracked 
|  53|0x0000000083500000, 0x0000000083600000, 0x0000000083600000|100%| O|  |TAMS 0x0000000083500000, 0x0000000083600000| Untracked 
|  54|0x0000000083600000, 0x0000000083700000, 0x0000000083700000|100%| O|  |TAMS 0x0000000083600000, 0x0000000083700000| Untracked 
|  55|0x0000000083700000, 0x0000000083800000, 0x0000000083800000|100%|HS|  |TAMS 0x0000000083700000, 0x0000000083800000| Complete 
|  56|0x0000000083800000, 0x0000000083900000, 0x0000000083900000|100%|HS|  |TAMS 0x0000000083800000, 0x0000000083900000| Complete 
|  57|0x0000000083900000, 0x0000000083a00000, 0x0000000083a00000|100%|HS|  |TAMS 0x0000000083900000, 0x0000000083a00000| Complete 
|  58|0x0000000083a00000, 0x0000000083b00000, 0x0000000083b00000|100%|HC|  |TAMS 0x0000000083a00000, 0x0000000083b00000| Complete 
|  59|0x0000000083b00000, 0x0000000083c00000, 0x0000000083c00000|100%| O|  |TAMS 0x0000000083b00000, 0x0000000083c00000| Untracked 
|  60|0x0000000083c00000, 0x0000000083d00000, 0x0000000083d00000|100%| O|  |TAMS 0x0000000083c00000, 0x0000000083d00000| Untracked 
|  61|0x0000000083d00000, 0x0000000083e00000, 0x0000000083e00000|100%| O|  |TAMS 0x0000000083d00000, 0x0000000083e00000| Untracked 
|  62|0x0000000083e00000, 0x0000000083f00000, 0x0000000083f00000|100%| O|  |TAMS 0x0000000083e00000, 0x0000000083f00000| Untracked 
|  63|0x0000000083f00000, 0x0000000084000000, 0x0000000084000000|100%| O|  |TAMS 0x0000000083f00000, 0x0000000084000000| Untracked 
|  64|0x0000000084000000, 0x0000000084100000, 0x0000000084100000|100%| O|  |TAMS 0x0000000084000000, 0x0000000084100000| Untracked 
|  65|0x0000000084100000, 0x0000000084200000, 0x0000000084200000|100%| O|  |TAMS 0x0000000084100000, 0x0000000084200000| Untracked 
|  66|0x0000000084200000, 0x0000000084300000, 0x0000000084300000|100%| O|  |TAMS 0x0000000084200000, 0x0000000084300000| Untracked 
|  67|0x0000000084300000, 0x0000000084351200, 0x0000000084400000| 31%| O|  |TAMS 0x0000000084300000, 0x0000000084351200| Untracked 
|  68|0x0000000084400000, 0x0000000084400000, 0x0000000084500000|  0%| F|  |TAMS 0x0000000084400000, 0x0000000084400000| Untracked 
|  69|0x0000000084500000, 0x0000000084500000, 0x0000000084600000|  0%| F|  |TAMS 0x0000000084500000, 0x0000000084500000| Untracked 
|  70|0x0000000084600000, 0x0000000084600000, 0x0000000084700000|  0%| F|  |TAMS 0x0000000084600000, 0x0000000084600000| Untracked 
|  71|0x0000000084700000, 0x0000000084700000, 0x0000000084800000|  0%| F|  |TAMS 0x0000000084700000, 0x0000000084700000| Untracked 
|  72|0x0000000084800000, 0x0000000084800000, 0x0000000084900000|  0%| F|  |TAMS 0x0000000084800000, 0x0000000084800000| Untracked 
|  73|0x0000000084900000, 0x0000000084900000, 0x0000000084a00000|  0%| F|  |TAMS 0x0000000084900000, 0x0000000084900000| Untracked 
|  74|0x0000000084a00000, 0x0000000084a00000, 0x0000000084b00000|  0%| F|  |TAMS 0x0000000084a00000, 0x0000000084a00000| Untracked 
|  75|0x0000000084b00000, 0x0000000084b00000, 0x0000000084c00000|  0%| F|  |TAMS 0x0000000084b00000, 0x0000000084b00000| Untracked 
|  76|0x0000000084c00000, 0x0000000084c00000, 0x0000000084d00000|  0%| F|  |TAMS 0x0000000084c00000, 0x0000000084c00000| Untracked 
|  77|0x0000000084d00000, 0x0000000084d00000, 0x0000000084e00000|  0%| F|  |TAMS 0x0000000084d00000, 0x0000000084d00000| Untracked 
|  78|0x0000000084e00000, 0x0000000084e00000, 0x0000000084f00000|  0%| F|  |TAMS 0x0000000084e00000, 0x0000000084e00000| Untracked 
|  79|0x0000000084f00000, 0x0000000084f00000, 0x0000000085000000|  0%| F|  |TAMS 0x0000000084f00000, 0x0000000084f00000| Untracked 
|  80|0x0000000085000000, 0x0000000085000000, 0x0000000085100000|  0%| F|  |TAMS 0x0000000085000000, 0x0000000085000000| Untracked 
|  81|0x0000000085100000, 0x0000000085100000, 0x0000000085200000|  0%| F|  |TAMS 0x0000000085100000, 0x0000000085100000| Untracked 
|  82|0x0000000085200000, 0x0000000085200000, 0x0000000085300000|  0%| F|  |TAMS 0x0000000085200000, 0x0000000085200000| Untracked 
|  83|0x0000000085300000, 0x000000008537c1e8, 0x0000000085400000| 48%| S|CS|TAMS 0x0000000085300000, 0x0000000085300000| Complete 
| 133|0x0000000088500000, 0x0000000088500000, 0x0000000088600000|  0%| F|  |TAMS 0x0000000088500000, 0x0000000088500000| Untracked 
| 134|0x0000000088600000, 0x0000000088600000, 0x0000000088700000|  0%| F|  |TAMS 0x0000000088600000, 0x0000000088600000| Untracked 
| 135|0x0000000088700000, 0x0000000088700000, 0x0000000088800000|  0%| F|  |TAMS 0x0000000088700000, 0x0000000088700000| Untracked 
| 136|0x0000000088800000, 0x0000000088800000, 0x0000000088900000|  0%| F|  |TAMS 0x0000000088800000, 0x0000000088800000| Untracked 
| 137|0x0000000088900000, 0x0000000088900000, 0x0000000088a00000|  0%| F|  |TAMS 0x0000000088900000, 0x0000000088900000| Untracked 
| 138|0x0000000088a00000, 0x0000000088a00000, 0x0000000088b00000|  0%| F|  |TAMS 0x0000000088a00000, 0x0000000088a00000| Untracked 
| 139|0x0000000088b00000, 0x0000000088b00000, 0x0000000088c00000|  0%| F|  |TAMS 0x0000000088b00000, 0x0000000088b00000| Untracked 
| 140|0x0000000088c00000, 0x0000000088c00000, 0x0000000088d00000|  0%| F|  |TAMS 0x0000000088c00000, 0x0000000088c00000| Untracked 
| 141|0x0000000088d00000, 0x0000000088d00000, 0x0000000088e00000|  0%| F|  |TAMS 0x0000000088d00000, 0x0000000088d00000| Untracked 
| 142|0x0000000088e00000, 0x0000000088e00000, 0x0000000088f00000|  0%| F|  |TAMS 0x0000000088e00000, 0x0000000088e00000| Untracked 
| 143|0x0000000088f00000, 0x0000000088f53900, 0x0000000089000000| 32%| E|  |TAMS 0x0000000088f00000, 0x0000000088f00000| Complete 
| 144|0x0000000089000000, 0x0000000089100000, 0x0000000089100000|100%| E|CS|TAMS 0x0000000089000000, 0x0000000089000000| Complete 
| 249|0x000000008f900000, 0x000000008fa00000, 0x000000008fa00000|100%| E|CS|TAMS 0x000000008f900000, 0x000000008f900000| Complete 

Card table byte_map: [0x0000029db8630000,0x0000029db8a30000] _byte_map_base: 0x0000029db8230000

Marking Bits (Prev, Next): (CMBitMap*) 0x0000029da1457ef0, (CMBitMap*) 0x0000029da1457f30
 Prev Bits: [0x0000029db8e30000, 0x0000029dbae30000)
 Next Bits: [0x0000029dbae30000, 0x0000029dbce30000)

Polling page: 0x0000029d9f3e0000

Metaspace:

Usage:
  Non-class:     58.40 MB used.
      Class:      9.36 MB used.
       Both:     67.75 MB used.

Virtual space:
  Non-class space:       64.00 MB reserved,      58.75 MB ( 92%) committed,  1 nodes.
      Class space:      416.00 MB reserved,       9.62 MB (  2%) committed,  1 nodes.
             Both:      480.00 MB reserved,      68.38 MB ( 14%) committed. 

Chunk freelists:
   Non-Class:  5.08 MB
       Class:  6.31 MB
        Both:  11.39 MB

MaxMetaspaceSize: 512.00 MB
CompressedClassSpaceSize: 416.00 MB
Initial GC threshold: 21.00 MB
Current GC threshold: 109.19 MB
CDS: on
MetaspaceReclaimPolicy: balanced
 - commit_granule_bytes: 65536.
 - commit_granule_words: 8192.
 - virtual_space_node_default_size: 8388608.
 - enlarge_chunks_in_place: 1.
 - new_chunks_are_fully_committed: 0.
 - uncommit_free_chunks: 1.
 - use_allocation_guard: 0.
 - handle_deallocations: 1.


Internal statistics:

num_allocs_failed_limit: 6.
num_arena_births: 768.
num_arena_deaths: 0.
num_vsnodes_births: 2.
num_vsnodes_deaths: 0.
num_space_committed: 1094.
num_space_uncommitted: 0.
num_chunks_returned_to_freelist: 6.
num_chunks_taken_from_freelist: 3383.
num_chunk_merges: 6.
num_chunk_splits: 2263.
num_chunks_enlarged: 1526.
num_inconsistent_stats: 0.

CodeHeap 'non-profiled nmethods': size=120000Kb used=4997Kb max_used=4997Kb free=115002Kb
 bounds [0x0000029db09c0000, 0x0000029db0eb0000, 0x0000029db7ef0000]
CodeHeap 'profiled nmethods': size=120000Kb used=16374Kb max_used=16374Kb free=103625Kb
 bounds [0x0000029da8ef0000, 0x0000029da9ef0000, 0x0000029db0420000]
CodeHeap 'non-nmethods': size=5760Kb used=2412Kb max_used=2486Kb free=3347Kb
 bounds [0x0000029db0420000, 0x0000029db06b0000, 0x0000029db09c0000]
 total_blobs=9157 nmethods=8212 adapters=857
 compilation: enabled
              stopped_count=0, restarted_count=0
 full_count=0

Compilation events (20 events):
Event: 29.913 Thread 0x0000029dbf9c7390 8956       4       org.objectweb.asm.Attribute::putAttributes (78 bytes)
Event: 29.914 Thread 0x0000029dbf9c84b0 8957       3       jdk.internal.reflect.ClassFileAssembler::opc_sipush (16 bytes)
Event: 29.914 Thread 0x0000029dbf9c84b0 nmethod 8957 0x0000029da9ee2790 code [0x0000029da9ee29a0, 0x0000029da9ee2f08]
Event: 29.917 Thread 0x0000029dbf9c84b0 8958       3       org.gradle.internal.instantiation.generator.ManagedObjectFactory::displayNameFor (73 bytes)
Event: 29.918 Thread 0x0000029dbf9c84b0 nmethod 8958 0x0000029da9ee3190 code [0x0000029da9ee34c0, 0x0000029da9ee49e8]
Event: 29.923 Thread 0x0000029dbf9c7390 nmethod 8956 0x0000029db0e92c90 code [0x0000029db0e92e80, 0x0000029db0e93480]
Event: 29.924 Thread 0x0000029dbf9c84b0 8959       3       com.google.common.collect.MapMakerInternalMap$WeakValueReferenceImpl::copyFor (14 bytes)
Event: 29.924 Thread 0x0000029dbf9c84b0 nmethod 8959 0x0000029da9ee5090 code [0x0000029da9ee5260, 0x0000029da9ee5778]
Event: 29.963 Thread 0x0000029dbf9c84b0 8960       3       com.google.common.collect.MapMakerInternalMap$StrongKeyWeakValueEntry::copy (34 bytes)
Event: 29.963 Thread 0x0000029dbf9c84b0 nmethod 8960 0x0000029da9ee5910 code [0x0000029da9ee5ae0, 0x0000029da9ee6028]
Event: 29.987 Thread 0x0000029dbf9c84b0 8961       3       java.util.regex.Pattern$BitClass::add (97 bytes)
Event: 29.989 Thread 0x0000029dbf9c84b0 nmethod 8961 0x0000029da9ee6210 code [0x0000029da9ee6460, 0x0000029da9ee6db8]
Event: 30.055 Thread 0x0000029dbf9c84b0 8962   !   3       jdk.proxy1.$Proxy5::annotationType (29 bytes)
Event: 30.055 Thread 0x0000029dbf9c84b0 nmethod 8962 0x0000029da9ee7190 code [0x0000029da9ee7360, 0x0000029da9ee7758]
Event: 30.056 Thread 0x0000029dbf9c84b0 8963       3       java.lang.Class::isLocalClass (27 bytes)
Event: 30.057 Thread 0x0000029dbf9c84b0 nmethod 8963 0x0000029da9ee7910 code [0x0000029da9ee7b00, 0x0000029da9ee7eb8]
Event: 30.058 Thread 0x0000029dbf9c7390 8964       4       java.util.HashSet::iterator (13 bytes)
Event: 30.072 Thread 0x0000029dbf9c7390 nmethod 8964 0x0000029db0e93990 code [0x0000029db0e93b40, 0x0000029db0e94298]
Event: 30.077 Thread 0x0000029dbf9c84b0 8965       3       java.lang.reflect.Field::getAnnotation (23 bytes)
Event: 30.078 Thread 0x0000029dbf9c84b0 nmethod 8965 0x0000029da9ee8010 code [0x0000029da9ee8220, 0x0000029da9ee88c8]

GC Heap History (20 events):
Event: 22.499 GC heap before
{Heap before GC invocations=18 (full 0):
 garbage-first heap   total 80896K, used 66082K [0x0000000080000000, 0x0000000100000000)
  region size 1024K, 21 young (21504K), 2 survivors (2048K)
 Metaspace       used 57388K, committed 57984K, reserved 491520K
  class space    used 7954K, committed 8256K, reserved 425984K
}
Event: 22.505 GC heap after
{Heap after GC invocations=19 (full 0):
 garbage-first heap   total 80896K, used 47327K [0x0000000080000000, 0x0000000100000000)
  region size 1024K, 2 young (2048K), 2 survivors (2048K)
 Metaspace       used 57388K, committed 57984K, reserved 491520K
  class space    used 7954K, committed 8256K, reserved 425984K
}
Event: 23.239 GC heap before
{Heap before GC invocations=20 (full 0):
 garbage-first heap   total 83968K, used 65759K [0x0000000080000000, 0x0000000100000000)
  region size 1024K, 21 young (21504K), 2 survivors (2048K)
 Metaspace       used 58944K, committed 59520K, reserved 491520K
  class space    used 8115K, committed 8384K, reserved 425984K
}
Event: 23.244 GC heap after
{Heap after GC invocations=21 (full 0):
 garbage-first heap   total 83968K, used 48420K [0x0000000080000000, 0x0000000100000000)
  region size 1024K, 2 young (2048K), 2 survivors (2048K)
 Metaspace       used 58944K, committed 59520K, reserved 491520K
  class space    used 8115K, committed 8384K, reserved 425984K
}
Event: 24.090 GC heap before
{Heap before GC invocations=21 (full 0):
 garbage-first heap   total 83968K, used 67876K [0x0000000080000000, 0x0000000100000000)
  region size 1024K, 21 young (21504K), 2 survivors (2048K)
 Metaspace       used 60477K, committed 61056K, reserved 491520K
  class space    used 8355K, committed 8640K, reserved 425984K
}
Event: 24.095 GC heap after
{Heap after GC invocations=22 (full 0):
 garbage-first heap   total 83968K, used 49792K [0x0000000080000000, 0x0000000100000000)
  region size 1024K, 3 young (3072K), 3 survivors (3072K)
 Metaspace       used 60477K, committed 61056K, reserved 491520K
  class space    used 8355K, committed 8640K, reserved 425984K
}
Event: 25.061 GC heap before
{Heap before GC invocations=23 (full 0):
 garbage-first heap   total 89088K, used 69248K [0x0000000080000000, 0x0000000100000000)
  region size 1024K, 22 young (22528K), 3 survivors (3072K)
 Metaspace       used 61916K, committed 62528K, reserved 491520K
  class space    used 8590K, committed 8896K, reserved 425984K
}
Event: 25.066 GC heap after
{Heap after GC invocations=24 (full 0):
 garbage-first heap   total 89088K, used 51269K [0x0000000080000000, 0x0000000100000000)
  region size 1024K, 3 young (3072K), 3 survivors (3072K)
 Metaspace       used 61916K, committed 62528K, reserved 491520K
  class space    used 8590K, committed 8896K, reserved 425984K
}
Event: 26.796 GC heap before
{Heap before GC invocations=24 (full 0):
 garbage-first heap   total 89088K, used 72773K [0x0000000080000000, 0x0000000100000000)
  region size 1024K, 24 young (24576K), 3 survivors (3072K)
 Metaspace       used 63391K, committed 64000K, reserved 491520K
  class space    used 8795K, committed 9088K, reserved 425984K
}
Event: 26.802 GC heap after
{Heap after GC invocations=25 (full 0):
 garbage-first heap   total 89088K, used 53198K [0x0000000080000000, 0x0000000100000000)
  region size 1024K, 3 young (3072K), 3 survivors (3072K)
 Metaspace       used 63391K, committed 64000K, reserved 491520K
  class space    used 8795K, committed 9088K, reserved 425984K
}
Event: 27.726 GC heap before
{Heap before GC invocations=26 (full 0):
 garbage-first heap   total 92160K, used 72654K [0x0000000080000000, 0x0000000100000000)
  region size 1024K, 23 young (23552K), 3 survivors (3072K)
 Metaspace       used 65618K, committed 66240K, reserved 491520K
  class space    used 9066K, committed 9344K, reserved 425984K
}
Event: 27.732 GC heap after
{Heap after GC invocations=27 (full 0):
 garbage-first heap   total 92160K, used 56000K [0x0000000080000000, 0x0000000100000000)
  region size 1024K, 3 young (3072K), 3 survivors (3072K)
 Metaspace       used 65618K, committed 66240K, reserved 491520K
  class space    used 9066K, committed 9344K, reserved 425984K
}
Event: 28.512 GC heap before
{Heap before GC invocations=27 (full 0):
 garbage-first heap   total 92160K, used 74432K [0x0000000080000000, 0x0000000100000000)
  region size 1024K, 22 young (22528K), 3 survivors (3072K)
 Metaspace       used 66498K, committed 67072K, reserved 491520K
  class space    used 9201K, committed 9472K, reserved 425984K
}
Event: 28.519 GC heap after
{Heap after GC invocations=28 (full 0):
 garbage-first heap   total 92160K, used 57159K [0x0000000080000000, 0x0000000100000000)
  region size 1024K, 2 young (2048K), 2 survivors (2048K)
 Metaspace       used 66498K, committed 67072K, reserved 491520K
  class space    used 9201K, committed 9472K, reserved 425984K
}
Event: 29.550 GC heap before
{Heap before GC invocations=29 (full 0):
 garbage-first heap   total 99328K, used 79687K [0x0000000080000000, 0x0000000100000000)
  region size 1024K, 21 young (21504K), 2 survivors (2048K)
 Metaspace       used 67147K, committed 67840K, reserved 491520K
  class space    used 9295K, committed 9600K, reserved 425984K
}
Event: 29.557 GC heap after
{Heap after GC invocations=30 (full 0):
 garbage-first heap   total 99328K, used 68225K [0x0000000080000000, 0x0000000100000000)
  region size 1024K, 3 young (3072K), 3 survivors (3072K)
 Metaspace       used 67147K, committed 67840K, reserved 491520K
  class space    used 9295K, committed 9600K, reserved 425984K
}
Event: 29.579 GC heap before
{Heap before GC invocations=30 (full 0):
 garbage-first heap   total 99328K, used 68225K [0x0000000080000000, 0x0000000100000000)
  region size 1024K, 4 young (4096K), 3 survivors (3072K)
 Metaspace       used 67320K, committed 67968K, reserved 491520K
  class space    used 9309K, committed 9600K, reserved 425984K
}
Event: 29.584 GC heap after
{Heap after GC invocations=31 (full 0):
 garbage-first heap   total 99328K, used 68133K [0x0000000080000000, 0x0000000100000000)
  region size 1024K, 1 young (1024K), 1 survivors (1024K)
 Metaspace       used 67320K, committed 67968K, reserved 491520K
  class space    used 9309K, committed 9600K, reserved 425984K
}
Event: 30.032 GC heap before
{Heap before GC invocations=31 (full 0):
 garbage-first heap   total 99328K, used 79397K [0x0000000080000000, 0x0000000100000000)
  region size 1024K, 13 young (13312K), 1 survivors (1024K)
 Metaspace       used 69044K, committed 69696K, reserved 491520K
  class space    used 9546K, committed 9856K, reserved 425984K
}
Event: 30.038 GC heap after
{Heap after GC invocations=32 (full 0):
 garbage-first heap   total 99328K, used 68404K [0x0000000080000000, 0x0000000100000000)
  region size 1024K, 1 young (1024K), 1 survivors (1024K)
 Metaspace       used 69044K, committed 69696K, reserved 491520K
  class space    used 9546K, committed 9856K, reserved 425984K
}

Dll operation events (12 events):
Event: 0.009 Loaded shared library C:\Program Files\Microsoft\jdk-17.0.8.7-hotspot\bin\java.dll
Event: 0.030 Loaded shared library C:\Program Files\Microsoft\jdk-17.0.8.7-hotspot\bin\jsvml.dll
Event: 0.083 Loaded shared library C:\Program Files\Microsoft\jdk-17.0.8.7-hotspot\bin\net.dll
Event: 0.085 Loaded shared library C:\Program Files\Microsoft\jdk-17.0.8.7-hotspot\bin\nio.dll
Event: 0.090 Loaded shared library C:\Program Files\Microsoft\jdk-17.0.8.7-hotspot\bin\zip.dll
Event: 0.387 Loaded shared library C:\Program Files\Microsoft\jdk-17.0.8.7-hotspot\bin\jimage.dll
Event: 0.499 Loaded shared library C:\Program Files\Microsoft\jdk-17.0.8.7-hotspot\bin\verify.dll
Event: 0.740 Loaded shared library C:\Users\User\.gradle\native\e1d6ef7f7dcc3fd88c89a11ec53ec762bb8ba0a96d01ffa2cd45eb1d1d8dd5c5\windows-amd64\native-platform.dll
Event: 0.782 Loaded shared library C:\Users\User\.gradle\native\0d407fdbe67a94daf76414ababcb853783967236a71b16ec16e742cd7a986fd3\windows-amd64\native-platform-file-events.dll
Event: 2.071 Loaded shared library C:\Program Files\Microsoft\jdk-17.0.8.7-hotspot\bin\management.dll
Event: 2.074 Loaded shared library C:\Program Files\Microsoft\jdk-17.0.8.7-hotspot\bin\management_ext.dll
Event: 2.983 Loaded shared library C:\Program Files\Microsoft\jdk-17.0.8.7-hotspot\bin\sunmscapi.dll

Deoptimization events (20 events):
Event: 29.042 Thread 0x0000029dbfb31700 DEOPT PACKING pc=0x0000029da8fa2334 sp=0x000000dd589f0cd0
Event: 29.042 Thread 0x0000029dbfb31700 DEOPT UNPACKING pc=0x0000029db0477143 sp=0x000000dd589f0140 mode 0
Event: 29.138 Thread 0x0000029dbfb31700 DEOPT PACKING pc=0x0000029da8fa2334 sp=0x000000dd589f0cd0
Event: 29.138 Thread 0x0000029dbfb31700 DEOPT UNPACKING pc=0x0000029db0477143 sp=0x000000dd589f0140 mode 0
Event: 29.202 Thread 0x0000029dbfb31700 DEOPT PACKING pc=0x0000029da8fa2334 sp=0x000000dd589f0cd0
Event: 29.202 Thread 0x0000029dbfb31700 DEOPT UNPACKING pc=0x0000029db0477143 sp=0x000000dd589f0140 mode 0
Event: 29.384 Thread 0x0000029dbfb31700 Uncommon trap: trap_request=0xffffff45 fr.pc=0x0000029db0a90570 relative=0x00000000000003b0
Event: 29.384 Thread 0x0000029dbfb31700 Uncommon trap: reason=unstable_if action=reinterpret pc=0x0000029db0a90570 method=org.gradle.internal.reflect.PropertyAccessorType.of(Ljava/lang/reflect/Method;)Lorg/gradle/internal/reflect/PropertyAccessorType; @ 56 c2
Event: 29.384 Thread 0x0000029dbfb31700 DEOPT PACKING pc=0x0000029db0a90570 sp=0x000000dd589f9520
Event: 29.384 Thread 0x0000029dbfb31700 DEOPT UNPACKING pc=0x0000029db04769a3 sp=0x000000dd589f94e0 mode 2
Event: 29.386 Thread 0x0000029dbfb31700 Uncommon trap: trap_request=0xffffff45 fr.pc=0x0000029db0df98dc relative=0x0000000000006a9c
Event: 29.386 Thread 0x0000029dbfb31700 Uncommon trap: reason=unstable_if action=reinterpret pc=0x0000029db0df98dc method=org.gradle.internal.reflect.PropertyAccessorType.of(Ljava/lang/reflect/Method;)Lorg/gradle/internal/reflect/PropertyAccessorType; @ 56 c2
Event: 29.386 Thread 0x0000029dbfb31700 DEOPT PACKING pc=0x0000029db0df98dc sp=0x000000dd589f9760
Event: 29.386 Thread 0x0000029dbfb31700 DEOPT UNPACKING pc=0x0000029db04769a3 sp=0x000000dd589f9708 mode 2
Event: 29.397 Thread 0x0000029dbfb31700 DEOPT PACKING pc=0x0000029da94fab66 sp=0x000000dd589f8d70
Event: 29.397 Thread 0x0000029dbfb31700 DEOPT UNPACKING pc=0x0000029db0477143 sp=0x000000dd589f8238 mode 0
Event: 30.073 Thread 0x0000029dbfb31700 Uncommon trap: trap_request=0xffffff45 fr.pc=0x0000029db0de4d3c relative=0x00000000000017dc
Event: 30.073 Thread 0x0000029dbfb31700 Uncommon trap: reason=unstable_if action=reinterpret pc=0x0000029db0de4d3c method=sun.reflect.annotation.AnnotationInvocationHandler.invoke(Ljava/lang/Object;Ljava/lang/reflect/Method;[Ljava/lang/Object;)Ljava/lang/Object; @ 164 c2
Event: 30.074 Thread 0x0000029dbfb31700 DEOPT PACKING pc=0x0000029db0de4d3c sp=0x000000dd589f6d00
Event: 30.074 Thread 0x0000029dbfb31700 DEOPT UNPACKING pc=0x0000029db04769a3 sp=0x000000dd589f6cd8 mode 2

Classes unloaded (0 events):
No events

Classes redefined (0 events):
No events

Internal exceptions (20 events):
Event: 26.879 Thread 0x0000029de0d92600 Exception <a 'java/lang/NoSuchMethodError'{0x000000008f9998c0}: 'int java.lang.invoke.DirectMethodHandle$Holder.invokeSpecial(java.lang.Object, java.lang.Object, java.lang.Object, java.lang.Object, java.lang.Object)'> (0x000000008f9998c0) 
thrown [s\src\hotspot\share\interpreter\linkResolver.cpp, line 759]
Event: 27.944 Thread 0x0000029de0d92600 Exception <a 'java/lang/NoSuchMethodError'{0x0000000088cff0b0}: 'void java.lang.invoke.DirectMethodHandle$Holder.invokeInterface(java.lang.Object, java.lang.Object, java.lang.Object, java.lang.Object)'> (0x0000000088cff0b0) 
thrown [s\src\hotspot\share\interpreter\linkResolver.cpp, line 759]
Event: 28.763 Thread 0x0000029dbfb31700 Exception <a 'java/lang/ClassNotFoundException'{0x00000000890b9398}: build_bze17hq9kbhvyeve958a7xmstBeanInfo> (0x00000000890b9398) 
thrown [s\src\hotspot\share\classfile\systemDictionary.cpp, line 256]
Event: 28.763 Thread 0x0000029dbfb31700 Exception <a 'java/lang/ClassNotFoundException'{0x00000000890bfe90}: build_bze17hq9kbhvyeve958a7xmstCustomizer> (0x00000000890bfe90) 
thrown [s\src\hotspot\share\classfile\systemDictionary.cpp, line 256]
Event: 29.216 Thread 0x0000029dbfb31700 Exception <a 'java/lang/ClassNotFoundException'{0x00000000887e4a18}: org/gradle/api/internal/artifacts/repositories/DefaultMavenArtifactRepository_DecoratedBeanInfo> (0x00000000887e4a18) 
thrown [s\src\hotspot\share\classfile\systemDictionary.cpp, line 256]
Event: 29.217 Thread 0x0000029dbfb31700 Exception <a 'java/lang/ClassNotFoundException'{0x0000000088604b98}: org/gradle/api/internal/artifacts/repositories/DefaultMavenArtifactRepositoryBeanInfo> (0x0000000088604b98) 
thrown [s\src\hotspot\share\classfile\systemDictionary.cpp, line 256]
Event: 29.219 Thread 0x0000029dbfb31700 Exception <a 'java/lang/ClassNotFoundException'{0x0000000088624e18}: org/gradle/api/internal/artifacts/repositories/AbstractAuthenticationSupportedRepositoryBeanInfo> (0x0000000088624e18) 
thrown [s\src\hotspot\share\classfile\systemDictionary.cpp, line 256]
Event: 29.220 Thread 0x0000029dbfb31700 Exception <a 'java/lang/ClassNotFoundException'{0x00000000886452f0}: org/gradle/api/internal/artifacts/repositories/AbstractResolutionAwareArtifactRepositoryBeanInfo> (0x00000000886452f0) 
thrown [s\src\hotspot\share\classfile\systemDictionary.cpp, line 256]
Event: 29.222 Thread 0x0000029dbfb31700 Exception <a 'java/lang/ClassNotFoundException'{0x0000000088664f48}: org/gradle/api/internal/artifacts/repositories/AbstractArtifactRepositoryBeanInfo> (0x0000000088664f48) 
thrown [s\src\hotspot\share\classfile\systemDictionary.cpp, line 256]
Event: 29.226 Thread 0x0000029dbfb31700 Exception <a 'java/lang/ClassNotFoundException'{0x0000000088684e18}: org/gradle/api/internal/artifacts/repositories/AbstractArtifactRepositoryCustomizer> (0x0000000088684e18) 
thrown [s\src\hotspot\share\classfile\systemDictionary.cpp, line 256]
Event: 29.229 Thread 0x0000029dbfb31700 Exception <a 'java/lang/ClassNotFoundException'{0x00000000886c0b80}: org/gradle/api/internal/artifacts/repositories/AbstractResolutionAwareArtifactRepositoryCustomizer> (0x00000000886c0b80) 
thrown [s\src\hotspot\share\classfile\systemDictionary.cpp, line 256]
Event: 29.231 Thread 0x0000029dbfb31700 Exception <a 'java/lang/ClassNotFoundException'{0x00000000886e96b8}: org/gradle/api/internal/artifacts/repositories/AbstractAuthenticationSupportedRepositoryCustomizer> (0x00000000886e96b8) 
thrown [s\src\hotspot\share\classfile\systemDictionary.cpp, line 256]
Event: 29.237 Thread 0x0000029dbfb31700 Exception <a 'java/lang/ClassNotFoundException'{0x000000008851bb10}: org/gradle/api/internal/artifacts/repositories/DefaultMavenArtifactRepositoryCustomizer> (0x000000008851bb10) 
thrown [s\src\hotspot\share\classfile\systemDictionary.cpp, line 256]
Event: 29.240 Thread 0x0000029dbfb31700 Exception <a 'java/lang/ClassNotFoundException'{0x0000000088554540}: org/gradle/api/internal/artifacts/repositories/DefaultMavenArtifactRepository_DecoratedCustomizer> (0x0000000088554540) 
thrown [s\src\hotspot\share\classfile\systemDictionary.cpp, line 256]
Event: 29.259 Thread 0x0000029dbfb31700 Exception <a 'java/lang/ClassNotFoundException'{0x0000000085321918}: org/gradle/api/internal/artifacts/repositories/DefaultMavenRepositoryContentDescriptorBeanInfo> (0x0000000085321918) 
thrown [s\src\hotspot\share\classfile\systemDictionary.cpp, line 256]
Event: 29.261 Thread 0x0000029dbfb31700 Exception <a 'java/lang/ClassNotFoundException'{0x0000000085343d88}: org/gradle/api/internal/artifacts/repositories/DefaultRepositoryContentDescriptorBeanInfo> (0x0000000085343d88) 
thrown [s\src\hotspot\share\classfile\systemDictionary.cpp, line 256]
Event: 29.263 Thread 0x0000029dbfb31700 Exception <a 'java/lang/ClassNotFoundException'{0x0000000085365fb8}: org/gradle/api/internal/artifacts/repositories/DefaultRepositoryContentDescriptorCustomizer> (0x0000000085365fb8) 
thrown [s\src\hotspot\share\classfile\systemDictionary.cpp, line 256]
Event: 29.265 Thread 0x0000029dbfb31700 Exception <a 'java/lang/ClassNotFoundException'{0x0000000085395380}: org/gradle/api/internal/artifacts/repositories/DefaultMavenRepositoryContentDescriptorCustomizer> (0x0000000085395380) 
thrown [s\src\hotspot\share\classfile\systemDictionary.cpp, line 256]
Event: 29.392 Thread 0x0000029dbfb31700 Exception <a 'java/lang/ClassNotFoundException'{0x000000008516ff38}: build_1gtj2aar72flnawjxtbmtj2xtBeanInfo> (0x000000008516ff38) 
thrown [s\src\hotspot\share\classfile\systemDictionary.cpp, line 256]
Event: 29.392 Thread 0x0000029dbfb31700 Exception <a 'java/lang/ClassNotFoundException'{0x0000000085176a90}: build_1gtj2aar72flnawjxtbmtj2xtCustomizer> (0x0000000085176a90) 
thrown [s\src\hotspot\share\classfile\systemDictionary.cpp, line 256]

VM Operations (20 events):
Event: 27.725 Executing VM operation: G1CollectForAllocation
Event: 27.732 Executing VM operation: G1CollectForAllocation done
Event: 27.902 Executing VM operation: HandshakeAllThreads
Event: 27.902 Executing VM operation: HandshakeAllThreads done
Event: 27.913 Executing VM operation: HandshakeAllThreads
Event: 27.913 Executing VM operation: HandshakeAllThreads done
Event: 28.038 Executing VM operation: ICBufferFull
Event: 28.040 Executing VM operation: ICBufferFull done
Event: 28.512 Executing VM operation: G1CollectForAllocation
Event: 28.523 Executing VM operation: G1CollectForAllocation done
Event: 28.636 Executing VM operation: G1PauseRemark
Event: 28.643 Executing VM operation: G1PauseRemark done
Event: 28.693 Executing VM operation: G1PauseCleanup
Event: 28.693 Executing VM operation: G1PauseCleanup done
Event: 29.549 Executing VM operation: G1CollectForAllocation
Event: 29.557 Executing VM operation: G1CollectForAllocation done
Event: 29.579 Executing VM operation: G1CollectForAllocation
Event: 29.584 Executing VM operation: G1CollectForAllocation done
Event: 30.032 Executing VM operation: G1CollectForAllocation
Event: 30.038 Executing VM operation: G1CollectForAllocation done

Events (20 events):
Event: 28.020 Thread 0x0000029de0ae15c0 Thread added: 0x0000029de0ae15c0
Event: 28.021 Thread 0x0000029de0ae24f0 Thread added: 0x0000029de0ae24f0
Event: 28.023 Thread 0x0000029de0adbfb0 Thread added: 0x0000029de0adbfb0
Event: 28.023 Thread 0x0000029de0adde10 Thread added: 0x0000029de0adde10
Event: 28.023 Thread 0x0000029de0ade320 Thread added: 0x0000029de0ade320
Event: 28.024 Thread 0x0000029de0ae2f10 Thread added: 0x0000029de0ae2f10
Event: 28.024 Thread 0x0000029de0adc4c0 Thread added: 0x0000029de0adc4c0
Event: 28.024 Thread 0x0000029de0adcee0 Thread added: 0x0000029de0adcee0
Event: 28.025 Thread 0x0000029de0add3f0 Thread added: 0x0000029de0add3f0
Event: 28.025 Thread 0x0000029de0add900 Thread added: 0x0000029de0add900
Event: 28.025 Thread 0x0000029de0adf760 Thread added: 0x0000029de0adf760
Event: 28.025 Thread 0x0000029de3671d90 Thread added: 0x0000029de3671d90
Event: 29.014 Thread 0x0000029de3c4daa0 Thread exited: 0x0000029de3c4daa0
Event: 29.387 Thread 0x0000029de3c4ea90 Thread added: 0x0000029de3c4ea90
Event: 30.012 loading class java/util/concurrent/atomic/AtomicIntegerArray
Event: 30.012 loading class java/util/concurrent/atomic/AtomicIntegerArray done
Event: 30.014 loading class java/util/Currency
Event: 30.015 loading class java/util/Currency done
Event: 30.026 loading class java/util/concurrent/atomic/AtomicLongArray
Event: 30.026 loading class java/util/concurrent/atomic/AtomicLongArray done


Dynamic libraries:
0x00007ff624360000 - 0x00007ff62436e000 	C:\Program Files\Microsoft\jdk-17.0.8.7-hotspot\bin\java.exe
0x00007fff5e2d0000 - 0x00007fff5e4c8000 	C:\Windows\SYSTEM32\ntdll.dll
0x00007fff5cb00000 - 0x00007fff5cbbd000 	C:\Windows\System32\KERNEL32.DLL
0x00007fff5be00000 - 0x00007fff5c0f6000 	C:\Windows\System32\KERNELBASE.dll
0x00007fff5bd00000 - 0x00007fff5be00000 	C:\Windows\System32\ucrtbase.dll
0x00007fff32690000 - 0x00007fff326ab000 	C:\Program Files\Microsoft\jdk-17.0.8.7-hotspot\bin\VCRUNTIME140.dll
0x00007fff35830000 - 0x00007fff35847000 	C:\Program Files\Microsoft\jdk-17.0.8.7-hotspot\bin\jli.dll
0x00007fff5ded0000 - 0x00007fff5e06e000 	C:\Windows\System32\USER32.dll
0x00007fff5ac90000 - 0x00007fff5af2a000 	C:\Windows\WinSxS\amd64_microsoft.windows.common-controls_6595b64144ccf1df_6.0.19041.3636_none_60b6a03d71f818d5\COMCTL32.dll
0x00007fff5c100000 - 0x00007fff5c122000 	C:\Windows\System32\win32u.dll
0x00007fff5c3d0000 - 0x00007fff5c46e000 	C:\Windows\System32\msvcrt.dll
0x00007fff5c300000 - 0x00007fff5c32b000 	C:\Windows\System32\GDI32.dll
0x00007fff5b980000 - 0x00007fff5ba97000 	C:\Windows\System32\gdi32full.dll
0x00007fff5bc60000 - 0x00007fff5bcfd000 	C:\Windows\System32\msvcp_win.dll
0x00007fff5e180000 - 0x00007fff5e1b2000 	C:\Windows\System32\IMM32.DLL
0x00007fff48200000 - 0x00007fff4820c000 	C:\Program Files\Microsoft\jdk-17.0.8.7-hotspot\bin\vcruntime140_1.dll
0x00007ffefff30000 - 0x00007ffefffbd000 	C:\Program Files\Microsoft\jdk-17.0.8.7-hotspot\bin\msvcp140.dll
0x00007ffec7c10000 - 0x00007ffec8875000 	C:\Program Files\Microsoft\jdk-17.0.8.7-hotspot\bin\server\jvm.dll
0x00007fff5cdd0000 - 0x00007fff5ce80000 	C:\Windows\System32\ADVAPI32.dll
0x00007fff5c330000 - 0x00007fff5c3d0000 	C:\Windows\System32\sechost.dll
0x00007fff5da40000 - 0x00007fff5db65000 	C:\Windows\System32\RPCRT4.dll
0x00007fff5bb30000 - 0x00007fff5bb57000 	C:\Windows\System32\bcrypt.dll
0x00007fff411b0000 - 0x00007fff411d7000 	C:\Windows\SYSTEM32\WINMM.dll
0x00007fff5b520000 - 0x00007fff5b56b000 	C:\Windows\SYSTEM32\POWRPROF.dll
0x00007fff40c20000 - 0x00007fff40c29000 	C:\Windows\SYSTEM32\WSOCK32.dll
0x00007fff58490000 - 0x00007fff5849a000 	C:\Windows\SYSTEM32\VERSION.dll
0x00007fff5d910000 - 0x00007fff5d97b000 	C:\Windows\System32\WS2_32.dll
0x00007fff5af30000 - 0x00007fff5af42000 	C:\Windows\SYSTEM32\UMPDC.dll
0x00007fff58bd0000 - 0x00007fff58be2000 	C:\Windows\SYSTEM32\kernel.appcore.dll
0x00007fff44e20000 - 0x00007fff44e2a000 	C:\Program Files\Microsoft\jdk-17.0.8.7-hotspot\bin\jimage.dll
0x00007fff5b230000 - 0x00007fff5b414000 	C:\Windows\SYSTEM32\DBGHELP.DLL
0x00007fff5b040000 - 0x00007fff5b074000 	C:\Windows\SYSTEM32\dbgcore.DLL
0x00007fff5baa0000 - 0x00007fff5bb22000 	C:\Windows\System32\bcryptPrimitives.dll
0x00007fff29040000 - 0x00007fff29065000 	C:\Program Files\Microsoft\jdk-17.0.8.7-hotspot\bin\java.dll
0x00007ffef9c80000 - 0x00007ffef9d57000 	C:\Program Files\Microsoft\jdk-17.0.8.7-hotspot\bin\jsvml.dll
0x00007fff5d1a0000 - 0x00007fff5d90b000 	C:\Windows\System32\SHELL32.dll
0x00007fff58bf0000 - 0x00007fff5938e000 	C:\Windows\SYSTEM32\windows.storage.dll
0x00007fff5db70000 - 0x00007fff5dec3000 	C:\Windows\System32\combase.dll
0x00007fff5abf0000 - 0x00007fff5ac1e000 	C:\Windows\SYSTEM32\Wldp.dll
0x00007fff5e1c0000 - 0x00007fff5e28d000 	C:\Windows\System32\OLEAUT32.dll
0x00007fff5d980000 - 0x00007fff5da2d000 	C:\Windows\System32\SHCORE.dll
0x00007fff5cbc0000 - 0x00007fff5cc15000 	C:\Windows\System32\shlwapi.dll
0x00007fff5b8b0000 - 0x00007fff5b8d5000 	C:\Windows\SYSTEM32\profapi.dll
0x00007fff2bf00000 - 0x00007fff2bf19000 	C:\Program Files\Microsoft\jdk-17.0.8.7-hotspot\bin\net.dll
0x00007fff53b30000 - 0x00007fff53c3a000 	C:\Windows\SYSTEM32\WINHTTP.dll
0x00007fff5ab20000 - 0x00007fff5ab8a000 	C:\Windows\system32\mswsock.dll
0x00007fff2b3d0000 - 0x00007fff2b3e6000 	C:\Program Files\Microsoft\jdk-17.0.8.7-hotspot\bin\nio.dll
0x00007fff2b350000 - 0x00007fff2b368000 	C:\Program Files\Microsoft\jdk-17.0.8.7-hotspot\bin\zip.dll
0x00007fff44530000 - 0x00007fff44540000 	C:\Program Files\Microsoft\jdk-17.0.8.7-hotspot\bin\verify.dll
0x00007fff28fd0000 - 0x00007fff28ff7000 	C:\Users\User\.gradle\native\e1d6ef7f7dcc3fd88c89a11ec53ec762bb8ba0a96d01ffa2cd45eb1d1d8dd5c5\windows-amd64\native-platform.dll
0x00007ffedef90000 - 0x00007ffedf0d4000 	C:\Users\User\.gradle\native\0d407fdbe67a94daf76414ababcb853783967236a71b16ec16e742cd7a986fd3\windows-amd64\native-platform-file-events.dll
0x00007fff41840000 - 0x00007fff41849000 	C:\Program Files\Microsoft\jdk-17.0.8.7-hotspot\bin\management.dll
0x00007fff3db10000 - 0x00007fff3db1b000 	C:\Program Files\Microsoft\jdk-17.0.8.7-hotspot\bin\management_ext.dll
0x00007fff5c8e0000 - 0x00007fff5c8e8000 	C:\Windows\System32\PSAPI.DLL
0x00007fff5b6f0000 - 0x00007fff5b708000 	C:\Windows\SYSTEM32\CRYPTSP.dll
0x00007fff5a360000 - 0x00007fff5a394000 	C:\Windows\system32\rsaenh.dll
0x00007fff5b870000 - 0x00007fff5b89e000 	C:\Windows\SYSTEM32\USERENV.dll
0x00007fff5abb0000 - 0x00007fff5abbc000 	C:\Windows\SYSTEM32\CRYPTBASE.dll
0x00007fff5a6c0000 - 0x00007fff5a6fb000 	C:\Windows\SYSTEM32\IPHLPAPI.DLL
0x00007fff5da30000 - 0x00007fff5da38000 	C:\Windows\System32\NSI.dll
0x00007fff529f0000 - 0x00007fff52a07000 	C:\Windows\SYSTEM32\dhcpcsvc6.DLL
0x00007fff53100000 - 0x00007fff5311d000 	C:\Windows\SYSTEM32\dhcpcsvc.DLL
0x00007fff5a700000 - 0x00007fff5a7cb000 	C:\Windows\SYSTEM32\DNSAPI.dll
0x00007fff38b10000 - 0x00007fff38b1e000 	C:\Program Files\Microsoft\jdk-17.0.8.7-hotspot\bin\sunmscapi.dll
0x00007fff5c1a0000 - 0x00007fff5c2fd000 	C:\Windows\System32\CRYPT32.dll
0x00007fff5ac60000 - 0x00007fff5ac88000 	C:\Windows\SYSTEM32\ncrypt.dll
0x00007fff5ac20000 - 0x00007fff5ac5b000 	C:\Windows\SYSTEM32\NTASN1.dll
0x00007fff54d90000 - 0x00007fff54d97000 	C:\Windows\system32\wshunix.dll
0x000000005e4c0000 - 0x000000005e4e6000 	C:\Program Files\Bonjour\mdnsNSP.dll
0x00007fff52440000 - 0x00007fff5244a000 	C:\Windows\System32\rasadhlp.dll
0x00007fff48470000 - 0x00007fff484f0000 	C:\Windows\System32\fwpuclnt.dll

dbghelp: loaded successfully - version: 4.0.5 - missing functions: none
symbol engine: initialized successfully - sym options: 0x614 - pdb path: .;C:\Program Files\Microsoft\jdk-17.0.8.7-hotspot\bin;C:\Windows\SYSTEM32;C:\Windows\WinSxS\amd64_microsoft.windows.common-controls_6595b64144ccf1df_6.0.19041.3636_none_60b6a03d71f818d5;C:\Program Files\Microsoft\jdk-17.0.8.7-hotspot\bin\server;C:\Users\User\.gradle\native\e1d6ef7f7dcc3fd88c89a11ec53ec762bb8ba0a96d01ffa2cd45eb1d1d8dd5c5\windows-amd64;C:\Users\User\.gradle\native\0d407fdbe67a94daf76414ababcb853783967236a71b16ec16e742cd7a986fd3\windows-amd64;C:\Program Files\Bonjour

VM Arguments:
jvm_args: -XX:MaxMetaspaceSize=512m --add-opens=java.base/java.util=ALL-UNNAMED --add-opens=java.base/java.lang=ALL-UNNAMED --add-opens=java.base/java.lang.invoke=ALL-UNNAMED --add-opens=java.base/java.util=ALL-UNNAMED --add-opens=java.prefs/java.util.prefs=ALL-UNNAMED --add-opens=java.prefs/java.util.prefs=ALL-UNNAMED --add-opens=java.base/java.nio.charset=ALL-UNNAMED --add-opens=java.base/java.net=ALL-UNNAMED --add-opens=java.base/java.util.concurrent.atomic=ALL-UNNAMED -Xmx2048m -Dfile.encoding=windows-1252 -Duser.country=ID -Duser.language=en -Duser.variant 
java_command: org.gradle.launcher.daemon.bootstrap.GradleDaemon 7.5.1
java_class_path (initial): C:\Users\User\.gradle\wrapper\dists\gradle-7.5.1-bin\7jzzequgds1hbszbhq3npc5ng\gradle-7.5.1\lib\gradle-launcher-7.5.1.jar
Launcher Type: SUN_STANDARD

[Global flags]
     intx CICompilerCount                          = 4                                         {product} {ergonomic}
   size_t CompressedClassSpaceSize                 = 436207616                                 {product} {ergonomic}
     uint ConcGCThreads                            = 2                                         {product} {ergonomic}
     uint G1ConcRefinementThreads                  = 8                                         {product} {ergonomic}
   size_t G1HeapRegionSize                         = 1048576                                   {product} {ergonomic}
    uintx GCDrainStackTargetSize                   = 64                                        {product} {ergonomic}
   size_t InitialHeapSize                          = 262144000                                 {product} {ergonomic}
   size_t MarkStackSize                            = 4194304                                   {product} {ergonomic}
   size_t MaxHeapSize                              = 2147483648                                {product} {command line}
   size_t MaxMetaspaceSize                         = 536870912                                 {product} {command line}
   size_t MaxNewSize                               = 1287651328                                {product} {ergonomic}
   size_t MinHeapDeltaBytes                        = 1048576                                   {product} {ergonomic}
   size_t MinHeapSize                              = 8388608                                   {product} {ergonomic}
    uintx NonNMethodCodeHeapSize                   = 5839372                                {pd product} {ergonomic}
    uintx NonProfiledCodeHeapSize                  = 122909434                              {pd product} {ergonomic}
    uintx ProfiledCodeHeapSize                     = 122909434                              {pd product} {ergonomic}
    uintx ReservedCodeCacheSize                    = 251658240                              {pd product} {ergonomic}
     bool SegmentedCodeCache                       = true                                      {product} {ergonomic}
   size_t SoftMaxHeapSize                          = 2147483648                             {manageable} {ergonomic}
     bool UseCompressedClassPointers               = true                           {product lp64_product} {ergonomic}
     bool UseCompressedOops                        = true                           {product lp64_product} {ergonomic}
     bool UseG1GC                                  = true                                      {product} {ergonomic}
     bool UseLargePagesIndividualAllocation        = false                                  {pd product} {ergonomic}

Logging:
Log output configuration:
 #0: stdout all=warning uptime,level,tags
 #1: stderr all=off uptime,level,tags

Environment Variables:
JAVA_HOME=C:\Program Files\Microsoft\jdk-17.0.8.7-hotspot\
CLASSPATH=D:\project\tbd\gdsk\android\\gradle\wrapper\gradle-wrapper.jar
PATH=D:\project\tbd\gdsk\android\node_modules\.bin;D:\project\tbd\gdsk\node_modules\.bin;D:\project\tbd\node_modules\.bin;D:\project\node_modules\.bin;D:\node_modules\.bin;C:\Program Files\nodejs;C:\Users\User\AppData\Local\Temp\yarn--1711415444539-0.2620900252245133;D:\project\tbd\gdsk\node_modules\.bin;C:\Users\User\AppData\Local\Yarn\Data\link\node_modules\.bin;C:\Users\User\AppData\Local\Yarn\bin;C:\Program Files\libexec\lib\node_modules\npm\bin\node-gyp-bin;C:\Program Files\lib\node_modules\npm\bin\node-gyp-bin;C:\Program Files\nodejs\node_modules\npm\bin\node-gyp-bin;C:\Users\User\bin;C:\Program Files\Git\mingw64\bin;C:\Program Files\Git\usr\local\bin;C:\Program Files\Git\usr\bin;C:\Program Files\Git\usr\bin;C:\Program Files\Git\mingw64\bin;C:\Program Files\Git\usr\bin;C:\Users\User\bin;C:\Program Files\Microsoft\jdk-17.0.8.7-hotspot\bin;C:\Windows\system32;C:\Windows;C:\Windows\System32\Wbem;C:\Windows\System32\WindowsPowerShell\v1.0;C:\Windows\System32\OpenSSH;C:\Program Files\Intel\WiFi\bin;C:\Program Files\Common Files\Intel\WirelessCommon;C:\ProgramData\chocolatey\bin;C:\Program Files\nodejs;C:\Program Files\Git\cmd;C:\Program Files\Go\bin;C:\tools\php83;C:\ProgramData\ComposerSetup\bin;C:\Users\User\AppData\Local\Android\Sdk\platform-tools;C:\Users\User\AppData\Local\Microsoft\WindowsApps;C:\Users\User\AppData\Roaming\npm;C:\Users\User\AppData\Local\Programs\Microsoft VS Code\bin;C:\Users\User\go\bin;C:\Users\User\AppData\Roaming\Composer\vendor\bin;C:\Program Files\Git\usr\bin\vendor_perl;C:\Program Files\Git\usr\bin\core_perl
USERNAME=User
SHELL=C:\Program Files\Git\usr\bin\bash.exe
DISPLAY=needs-to-be-defined
LANG=en_US.UTF-8
TERM=xterm-256color
TMPDIR=C:\Users\User\AppData\Local\Temp
OS=Windows_NT
PROCESSOR_IDENTIFIER=Intel64 Family 6 Model 142 Stepping 10, GenuineIntel
TMP=C:\Users\User\AppData\Local\Temp
TEMP=C:\Users\User\AppData\Local\Temp



---------------  S Y S T E M  ---------------

OS:
 Windows 10 , 64 bit Build 19041 (10.0.19041.3636)
OS uptime: 0 days 15:14 hours
Hyper-V role detected

CPU: total 8 (initial active 8) (4 cores per cpu, 2 threads per core) family 6 model 142 stepping 10 microcode 0xb4, cx8, cmov, fxsr, ht, mmx, 3dnowpref, sse, sse2, sse3, ssse3, sse4.1, sse4.2, popcnt, lzcnt, tsc, tscinvbit, avx, avx2, aes, erms, clmul, bmi1, bmi2, rtm, adx, fma, vzeroupper, clflush, clflushopt, hv
Processor Information for all 8 processors :
  Max Mhz: 1896, Current Mhz: 1696, Mhz Limit: 1687

Memory: 4k page, system-wide physical 15990M (4055M free)
TotalPageFile size 18422M (AvailPageFile size 7876M)
current process WorkingSet (physical memory assigned to process): 308M, peak: 319M
current process commit charge ("private bytes"): 352M, peak: 436M

vm_info: OpenJDK 64-Bit Server VM (17.0.8+7-LTS) for windows-amd64 JRE (17.0.8+7-LTS), built on Jul  7 2023 17:21:55 by "MicrosoftCorporation" with MS VC++ 16.10 / 16.11 (VS2019)

END.
